[2022-11-25 09:36:07,407] {taskinstance.py:1160} INFO - Dependencies all met for <TaskInstance: GFA_Data_Engineering_Exam_dag01_ETL_pipeline.start manual__2022-11-25T09:36:06.237824+00:00 [queued]>
[2022-11-25 09:36:07,420] {taskinstance.py:1160} INFO - Dependencies all met for <TaskInstance: GFA_Data_Engineering_Exam_dag01_ETL_pipeline.start manual__2022-11-25T09:36:06.237824+00:00 [queued]>
[2022-11-25 09:36:07,421] {taskinstance.py:1357} INFO - 
--------------------------------------------------------------------------------
[2022-11-25 09:36:07,422] {taskinstance.py:1358} INFO - Starting attempt 1 of 1
[2022-11-25 09:36:07,422] {taskinstance.py:1359} INFO - 
--------------------------------------------------------------------------------
[2022-11-25 09:36:07,440] {taskinstance.py:1378} INFO - Executing <Task(PythonOperator): start> on 2022-11-25 09:36:06.237824+00:00
[2022-11-25 09:36:07,496] {standard_task_runner.py:52} INFO - Started process 7315 to run task
[2022-11-25 09:36:07,500] {standard_task_runner.py:79} INFO - Running: ['***', 'tasks', 'run', 'GFA_Data_Engineering_Exam_dag01_ETL_pipeline', 'start', 'manual__2022-11-25T09:36:06.237824+00:00', '--job-id', '71', '--raw', '--subdir', 'DAGS_FOLDER/MichalisKaratsioris_dag01.py', '--cfg-path', '/tmp/tmpy9aj1fwz', '--error-file', '/tmp/tmpi9kujyvs']
[2022-11-25 09:36:07,501] {standard_task_runner.py:80} INFO - Job 71: Subtask start
[2022-11-25 09:36:07,564] {task_command.py:370} INFO - Running <TaskInstance: GFA_Data_Engineering_Exam_dag01_ETL_pipeline.start manual__2022-11-25T09:36:06.237824+00:00 [running]> on host c78bb2381ec5
[2022-11-25 09:36:07,653] {taskinstance.py:1572} INFO - Exporting the following env vars:
AIRFLOW_CTX_DAG_OWNER=***
AIRFLOW_CTX_DAG_ID=GFA_Data_Engineering_Exam_dag01_ETL_pipeline
AIRFLOW_CTX_TASK_ID=start
AIRFLOW_CTX_EXECUTION_DATE=2022-11-25T09:36:06.237824+00:00
AIRFLOW_CTX_TRY_NUMBER=1
AIRFLOW_CTX_DAG_RUN_ID=manual__2022-11-25T09:36:06.237824+00:00
[2022-11-25 09:36:07,654] {python.py:173} INFO - Done. Returned value was: Start of the work-flow!
[2022-11-25 09:36:07,688] {taskinstance.py:1401} INFO - Marking task as SUCCESS. dag_id=GFA_Data_Engineering_Exam_dag01_ETL_pipeline, task_id=start, execution_date=20221125T093606, start_date=20221125T093607, end_date=20221125T093607
[2022-11-25 09:36:07,715] {local_task_job.py:156} INFO - Task exited with return code 0
[2022-11-25 09:36:07,776] {local_task_job.py:273} INFO - 1 downstream tasks scheduled from follow-on schedule check
