[2022-11-25 10:27:12,407] {taskinstance.py:1160} INFO - Dependencies all met for <TaskInstance: GFA_Data_Engineering_Exam_dag02_ETL_pipeline_airports.start manual__2022-11-25T10:27:04.796438+00:00 [queued]>
[2022-11-25 10:27:12,454] {taskinstance.py:1160} INFO - Dependencies all met for <TaskInstance: GFA_Data_Engineering_Exam_dag02_ETL_pipeline_airports.start manual__2022-11-25T10:27:04.796438+00:00 [queued]>
[2022-11-25 10:27:12,455] {taskinstance.py:1357} INFO - 
--------------------------------------------------------------------------------
[2022-11-25 10:27:12,456] {taskinstance.py:1358} INFO - Starting attempt 1 of 1
[2022-11-25 10:27:12,456] {taskinstance.py:1359} INFO - 
--------------------------------------------------------------------------------
[2022-11-25 10:27:12,529] {taskinstance.py:1378} INFO - Executing <Task(PythonOperator): start> on 2022-11-25 10:27:04.796438+00:00
[2022-11-25 10:27:12,570] {standard_task_runner.py:52} INFO - Started process 9434 to run task
[2022-11-25 10:27:12,593] {standard_task_runner.py:79} INFO - Running: ['***', 'tasks', 'run', 'GFA_Data_Engineering_Exam_dag02_ETL_pipeline_airports', 'start', 'manual__2022-11-25T10:27:04.796438+00:00', '--job-id', '101', '--raw', '--subdir', 'DAGS_FOLDER/MichalisKaratsioris_dag02.py', '--cfg-path', '/tmp/tmpert7y4gf', '--error-file', '/tmp/tmp4e3beiys']
[2022-11-25 10:27:12,596] {standard_task_runner.py:80} INFO - Job 101: Subtask start
[2022-11-25 10:27:12,819] {task_command.py:370} INFO - Running <TaskInstance: GFA_Data_Engineering_Exam_dag02_ETL_pipeline_airports.start manual__2022-11-25T10:27:04.796438+00:00 [running]> on host c78bb2381ec5
[2022-11-25 10:27:13,049] {taskinstance.py:1572} INFO - Exporting the following env vars:
AIRFLOW_CTX_DAG_OWNER=***
AIRFLOW_CTX_DAG_ID=GFA_Data_Engineering_Exam_dag02_ETL_pipeline_airports
AIRFLOW_CTX_TASK_ID=start
AIRFLOW_CTX_EXECUTION_DATE=2022-11-25T10:27:04.796438+00:00
AIRFLOW_CTX_TRY_NUMBER=1
AIRFLOW_CTX_DAG_RUN_ID=manual__2022-11-25T10:27:04.796438+00:00
[2022-11-25 10:27:13,051] {python.py:173} INFO - Done. Returned value was: Start of the work-flow!
[2022-11-25 10:27:13,118] {taskinstance.py:1401} INFO - Marking task as SUCCESS. dag_id=GFA_Data_Engineering_Exam_dag02_ETL_pipeline_airports, task_id=start, execution_date=20221125T102704, start_date=20221125T102712, end_date=20221125T102713
[2022-11-25 10:27:13,168] {local_task_job.py:156} INFO - Task exited with return code 0
[2022-11-25 10:27:13,333] {local_task_job.py:273} INFO - 1 downstream tasks scheduled from follow-on schedule check
