[2022-11-25 10:24:39,104] {taskinstance.py:1160} INFO - Dependencies all met for <TaskInstance: GFA_Data_Engineering_Exam_dag02_ETL_pipeline_airports.start manual__2022-11-25T10:24:36.914952+00:00 [queued]>
[2022-11-25 10:24:39,118] {taskinstance.py:1160} INFO - Dependencies all met for <TaskInstance: GFA_Data_Engineering_Exam_dag02_ETL_pipeline_airports.start manual__2022-11-25T10:24:36.914952+00:00 [queued]>
[2022-11-25 10:24:39,118] {taskinstance.py:1357} INFO - 
--------------------------------------------------------------------------------
[2022-11-25 10:24:39,119] {taskinstance.py:1358} INFO - Starting attempt 1 of 1
[2022-11-25 10:24:39,120] {taskinstance.py:1359} INFO - 
--------------------------------------------------------------------------------
[2022-11-25 10:24:39,139] {taskinstance.py:1378} INFO - Executing <Task(PythonOperator): start> on 2022-11-25 10:24:36.914952+00:00
[2022-11-25 10:24:39,149] {standard_task_runner.py:52} INFO - Started process 9303 to run task
[2022-11-25 10:24:39,153] {standard_task_runner.py:79} INFO - Running: ['***', 'tasks', 'run', 'GFA_Data_Engineering_Exam_dag02_ETL_pipeline_airports', 'start', 'manual__2022-11-25T10:24:36.914952+00:00', '--job-id', '93', '--raw', '--subdir', 'DAGS_FOLDER/MichalisKaratsioris_dag02.py', '--cfg-path', '/tmp/tmpil7nh0wn', '--error-file', '/tmp/tmp2yvdrh7s']
[2022-11-25 10:24:39,155] {standard_task_runner.py:80} INFO - Job 93: Subtask start
[2022-11-25 10:24:39,221] {task_command.py:370} INFO - Running <TaskInstance: GFA_Data_Engineering_Exam_dag02_ETL_pipeline_airports.start manual__2022-11-25T10:24:36.914952+00:00 [running]> on host c78bb2381ec5
[2022-11-25 10:24:39,307] {taskinstance.py:1572} INFO - Exporting the following env vars:
AIRFLOW_CTX_DAG_OWNER=***
AIRFLOW_CTX_DAG_ID=GFA_Data_Engineering_Exam_dag02_ETL_pipeline_airports
AIRFLOW_CTX_TASK_ID=start
AIRFLOW_CTX_EXECUTION_DATE=2022-11-25T10:24:36.914952+00:00
AIRFLOW_CTX_TRY_NUMBER=1
AIRFLOW_CTX_DAG_RUN_ID=manual__2022-11-25T10:24:36.914952+00:00
[2022-11-25 10:24:39,309] {python.py:173} INFO - Done. Returned value was: Start of the work-flow!
[2022-11-25 10:24:39,340] {taskinstance.py:1401} INFO - Marking task as SUCCESS. dag_id=GFA_Data_Engineering_Exam_dag02_ETL_pipeline_airports, task_id=start, execution_date=20221125T102436, start_date=20221125T102439, end_date=20221125T102439
[2022-11-25 10:24:39,368] {local_task_job.py:156} INFO - Task exited with return code 0
[2022-11-25 10:24:39,430] {local_task_job.py:273} INFO - 1 downstream tasks scheduled from follow-on schedule check
