[2022-11-25 09:42:45,226] {taskinstance.py:1160} INFO - Dependencies all met for <TaskInstance: GFA_Data_Engineering_Exam_dag01_ETL_pipeline.load manual__2022-11-25T09:42:29.792011+00:00 [queued]>
[2022-11-25 09:42:45,246] {taskinstance.py:1160} INFO - Dependencies all met for <TaskInstance: GFA_Data_Engineering_Exam_dag01_ETL_pipeline.load manual__2022-11-25T09:42:29.792011+00:00 [queued]>
[2022-11-25 09:42:45,247] {taskinstance.py:1357} INFO - 
--------------------------------------------------------------------------------
[2022-11-25 09:42:45,248] {taskinstance.py:1358} INFO - Starting attempt 1 of 1
[2022-11-25 09:42:45,248] {taskinstance.py:1359} INFO - 
--------------------------------------------------------------------------------
[2022-11-25 09:42:45,281] {taskinstance.py:1378} INFO - Executing <Task(PythonOperator): load> on 2022-11-25 09:42:29.792011+00:00
[2022-11-25 09:42:45,294] {standard_task_runner.py:52} INFO - Started process 7597 to run task
[2022-11-25 09:42:45,300] {standard_task_runner.py:79} INFO - Running: ['***', 'tasks', 'run', 'GFA_Data_Engineering_Exam_dag01_ETL_pipeline', 'load', 'manual__2022-11-25T09:42:29.792011+00:00', '--job-id', '83', '--raw', '--subdir', 'DAGS_FOLDER/MichalisKaratsioris_dag01.py', '--cfg-path', '/tmp/tmpj6rbeyuy', '--error-file', '/tmp/tmp1asdq0f_']
[2022-11-25 09:42:45,302] {standard_task_runner.py:80} INFO - Job 83: Subtask load
[2022-11-25 09:42:45,388] {task_command.py:370} INFO - Running <TaskInstance: GFA_Data_Engineering_Exam_dag01_ETL_pipeline.load manual__2022-11-25T09:42:29.792011+00:00 [running]> on host c78bb2381ec5
[2022-11-25 09:42:45,514] {taskinstance.py:1572} INFO - Exporting the following env vars:
AIRFLOW_CTX_DAG_OWNER=***
AIRFLOW_CTX_DAG_ID=GFA_Data_Engineering_Exam_dag01_ETL_pipeline
AIRFLOW_CTX_TASK_ID=load
AIRFLOW_CTX_EXECUTION_DATE=2022-11-25T09:42:29.792011+00:00
AIRFLOW_CTX_TRY_NUMBER=1
AIRFLOW_CTX_DAG_RUN_ID=manual__2022-11-25T09:42:29.792011+00:00
[2022-11-25 09:42:45,564] {base.py:68} INFO - Using connection ID '***-mssql' for task execution.
[2022-11-25 09:42:47,587] {sql.py:384} INFO - Done loading. Loaded a total of 250 rows into GFA_Data_Engineering_Exam.dbo.countries
[2022-11-25 09:42:47,588] {python.py:173} INFO - Done. Returned value was: 0
[2022-11-25 09:42:47,677] {taskinstance.py:1401} INFO - Marking task as SUCCESS. dag_id=GFA_Data_Engineering_Exam_dag01_ETL_pipeline, task_id=load, execution_date=20221125T094229, start_date=20221125T094245, end_date=20221125T094247
[2022-11-25 09:42:47,744] {local_task_job.py:156} INFO - Task exited with return code 0
[2022-11-25 09:42:47,839] {local_task_job.py:273} INFO - 1 downstream tasks scheduled from follow-on schedule check
