[2022-11-25 09:34:02,139] {taskinstance.py:1160} INFO - Dependencies all met for <TaskInstance: GFA_Data_Engineering_Exam_dag01_ETL_pipeline.start manual__2022-11-25T09:34:00.923558+00:00 [queued]>
[2022-11-25 09:34:02,152] {taskinstance.py:1160} INFO - Dependencies all met for <TaskInstance: GFA_Data_Engineering_Exam_dag01_ETL_pipeline.start manual__2022-11-25T09:34:00.923558+00:00 [queued]>
[2022-11-25 09:34:02,153] {taskinstance.py:1357} INFO - 
--------------------------------------------------------------------------------
[2022-11-25 09:34:02,154] {taskinstance.py:1358} INFO - Starting attempt 1 of 1
[2022-11-25 09:34:02,155] {taskinstance.py:1359} INFO - 
--------------------------------------------------------------------------------
[2022-11-25 09:34:02,174] {taskinstance.py:1378} INFO - Executing <Task(PythonOperator): start> on 2022-11-25 09:34:00.923558+00:00
[2022-11-25 09:34:02,180] {standard_task_runner.py:52} INFO - Started process 7201 to run task
[2022-11-25 09:34:02,184] {standard_task_runner.py:79} INFO - Running: ['***', 'tasks', 'run', 'GFA_Data_Engineering_Exam_dag01_ETL_pipeline', 'start', 'manual__2022-11-25T09:34:00.923558+00:00', '--job-id', '66', '--raw', '--subdir', 'DAGS_FOLDER/MichalisKaratsioris_dag01.py', '--cfg-path', '/tmp/tmpen970657', '--error-file', '/tmp/tmp07wx_d50']
[2022-11-25 09:34:02,186] {standard_task_runner.py:80} INFO - Job 66: Subtask start
[2022-11-25 09:34:02,259] {task_command.py:370} INFO - Running <TaskInstance: GFA_Data_Engineering_Exam_dag01_ETL_pipeline.start manual__2022-11-25T09:34:00.923558+00:00 [running]> on host c78bb2381ec5
[2022-11-25 09:34:02,345] {taskinstance.py:1572} INFO - Exporting the following env vars:
AIRFLOW_CTX_DAG_OWNER=***
AIRFLOW_CTX_DAG_ID=GFA_Data_Engineering_Exam_dag01_ETL_pipeline
AIRFLOW_CTX_TASK_ID=start
AIRFLOW_CTX_EXECUTION_DATE=2022-11-25T09:34:00.923558+00:00
AIRFLOW_CTX_TRY_NUMBER=1
AIRFLOW_CTX_DAG_RUN_ID=manual__2022-11-25T09:34:00.923558+00:00
[2022-11-25 09:34:02,347] {python.py:173} INFO - Done. Returned value was: Start of the work-flow!
[2022-11-25 09:34:02,382] {taskinstance.py:1401} INFO - Marking task as SUCCESS. dag_id=GFA_Data_Engineering_Exam_dag01_ETL_pipeline, task_id=start, execution_date=20221125T093400, start_date=20221125T093402, end_date=20221125T093402
[2022-11-25 09:34:02,440] {local_task_job.py:156} INFO - Task exited with return code 0
[2022-11-25 09:34:02,496] {local_task_job.py:273} INFO - 1 downstream tasks scheduled from follow-on schedule check
