

============================== 2023-01-08 13:35:07.544021 | ee73b800-d64d-4db6-a9d9-892fbb779a2e ==============================
[0m13:35:07.544021 [info ] [MainThread]: Running with dbt=1.3.1
[0m13:35:07.545021 [debug] [MainThread]: running dbt with arguments {'write_json': True, 'use_colors': True, 'printer_width': 80, 'version_check': True, 'partial_parse': True, 'static_parser': True, 'profiles_dir': 'C:\\Users\\mkara\\.dbt', 'send_anonymous_usage_stats': True, 'event_buffer_size': 100000, 'quiet': False, 'no_print': False, 'project_name': 'dbt_mk_local', 'skip_profile_setup': False, 'which': 'init', 'indirect_selection': 'eager'}
[0m13:35:07.545021 [debug] [MainThread]: Tracking: tracking
[0m13:35:07.553053 [debug] [MainThread]: Sending event: {'category': 'dbt', 'action': 'invocation', 'label': 'start', 'context': [<snowplow_tracker.self_describing_json.SelfDescribingJson object at 0x0000017FF19EE920>, <snowplow_tracker.self_describing_json.SelfDescribingJson object at 0x0000017FF19EE0B0>, <snowplow_tracker.self_describing_json.SelfDescribingJson object at 0x0000017FF19EE770>]}
[0m13:35:07.555060 [debug] [MainThread]: Starter project path: C:\Users\mkara\Desktop\GitHub\gcp-project-2023-git-repo\.venv\lib\site-packages\dbt\include\starter_project
[0m13:37:37.560122 [info ] [MainThread]: Profile dbt_mk_local written to C:\Users\mkara\.dbt\profiles.yml using target's profile_template.yml and your supplied values. Run 'dbt debug' to validate the connection.
[0m13:37:37.561033 [info ] [MainThread]: 
Your new dbt project "dbt_mk_local" was created!

For more information on how to configure the profiles.yml file,
please consult the dbt documentation here:

  https://docs.getdbt.com/docs/configure-your-profile

One more thing:

Need help? Don't hesitate to reach out to us via GitHub issues or on Slack:

  https://community.getdbt.com/

Happy modeling!

[0m13:37:37.562030 [debug] [MainThread]: Sending event: {'category': 'dbt', 'action': 'invocation', 'label': 'end', 'context': [<snowplow_tracker.self_describing_json.SelfDescribingJson object at 0x0000017FF24E3A00>, <snowplow_tracker.self_describing_json.SelfDescribingJson object at 0x0000017FF24E38B0>, <snowplow_tracker.self_describing_json.SelfDescribingJson object at 0x0000017FF24E0700>]}
[0m13:37:37.563113 [debug] [MainThread]: Flushing usage events


============================== 2023-01-08 13:37:50.036715 | bebf56f4-a581-4fa0-8966-6560589ead31 ==============================
[0m13:37:50.036715 [info ] [MainThread]: Running with dbt=1.3.1
[0m13:37:50.037717 [debug] [MainThread]: running dbt with arguments {'write_json': True, 'use_colors': True, 'printer_width': 80, 'version_check': True, 'partial_parse': True, 'static_parser': True, 'profiles_dir': 'C:\\Users\\mkara\\.dbt', 'send_anonymous_usage_stats': True, 'event_buffer_size': 100000, 'quiet': False, 'no_print': False, 'config_dir': False, 'which': 'debug', 'indirect_selection': 'eager'}
[0m13:37:50.037717 [debug] [MainThread]: Tracking: tracking
[0m13:37:50.045234 [debug] [MainThread]: Sending event: {'category': 'dbt', 'action': 'invocation', 'label': 'start', 'context': [<snowplow_tracker.self_describing_json.SelfDescribingJson object at 0x000002032B6F9720>, <snowplow_tracker.self_describing_json.SelfDescribingJson object at 0x000002032B6F9C90>, <snowplow_tracker.self_describing_json.SelfDescribingJson object at 0x000002032B6F96C0>]}
[0m13:37:50.291576 [debug] [MainThread]: Executing "git --help"
[0m13:37:50.317424 [debug] [MainThread]: STDOUT: "b"usage: git [-v | --version] [-h | --help] [-C <path>] [-c <name>=<value>]\n           [--exec-path[=<path>]] [--html-path] [--man-path] [--info-path]\n           [-p | --paginate | -P | --no-pager] [--no-replace-objects] [--bare]\n           [--git-dir=<path>] [--work-tree=<path>] [--namespace=<name>]\n           [--super-prefix=<path>] [--config-env=<name>=<envvar>]\n           <command> [<args>]\n\nThese are common Git commands used in various situations:\n\nstart a working area (see also: git help tutorial)\n   clone     Clone a repository into a new directory\n   init      Create an empty Git repository or reinitialize an existing one\n\nwork on the current change (see also: git help everyday)\n   add       Add file contents to the index\n   mv        Move or rename a file, a directory, or a symlink\n   restore   Restore working tree files\n   rm        Remove files from the working tree and from the index\n\nexamine the history and state (see also: git help revisions)\n   bisect    Use binary search to find the commit that introduced a bug\n   diff      Show changes between commits, commit and working tree, etc\n   grep      Print lines matching a pattern\n   log       Show commit logs\n   show      Show various types of objects\n   status    Show the working tree status\n\ngrow, mark and tweak your common history\n   branch    List, create, or delete branches\n   commit    Record changes to the repository\n   merge     Join two or more development histories together\n   rebase    Reapply commits on top of another base tip\n   reset     Reset current HEAD to the specified state\n   switch    Switch branches\n   tag       Create, list, delete or verify a tag object signed with GPG\n\ncollaborate (see also: git help workflows)\n   fetch     Download objects and refs from another repository\n   pull      Fetch from and integrate with another repository or a local branch\n   push      Update remote refs along with associated objects\n\n'git help -a' and 'git help -g' list available subcommands and some\nconcept guides. See 'git help <command>' or 'git help <concept>'\nto read about a specific subcommand or concept.\nSee 'git help git' for an overview of the system.\n""
[0m13:37:50.317424 [debug] [MainThread]: STDERR: "b''"
[0m13:37:50.320934 [debug] [MainThread]: Acquiring new bigquery connection "debug"
[0m13:37:50.321933 [debug] [MainThread]: Opening a new connection, currently in state init
[0m13:37:50.330933 [debug] [MainThread]: On debug: select 1 as id
[0m13:37:51.730423 [debug] [MainThread]: BigQuery adapter: https://console.cloud.google.com/bigquery?project=gcp-project-2023&j=bq:93d43950-fcab-429b-b42b-3d02111b6eb3:US&page=queryresults
[0m13:37:51.735358 [debug] [MainThread]: Sending event: {'category': 'dbt', 'action': 'invocation', 'label': 'end', 'context': [<snowplow_tracker.self_describing_json.SelfDescribingJson object at 0x000002032C30C9A0>, <snowplow_tracker.self_describing_json.SelfDescribingJson object at 0x000002032C30CFD0>, <snowplow_tracker.self_describing_json.SelfDescribingJson object at 0x000002032C30FA30>]}
[0m13:37:51.736357 [debug] [MainThread]: Flushing usage events
[0m13:37:52.204804 [debug] [MainThread]: Connection 'debug' was properly closed.
