[2022-11-25 10:23:42,234] {taskinstance.py:1160} INFO - Dependencies all met for <TaskInstance: GFA_Data_Engineering_Exam_dag02_ETL_pipeline_airports.start scheduled__2022-11-24T00:00:00+00:00 [queued]>
[2022-11-25 10:23:42,297] {taskinstance.py:1160} INFO - Dependencies all met for <TaskInstance: GFA_Data_Engineering_Exam_dag02_ETL_pipeline_airports.start scheduled__2022-11-24T00:00:00+00:00 [queued]>
[2022-11-25 10:23:42,300] {taskinstance.py:1357} INFO - 
--------------------------------------------------------------------------------
[2022-11-25 10:23:42,302] {taskinstance.py:1358} INFO - Starting attempt 1 of 1
[2022-11-25 10:23:42,306] {taskinstance.py:1359} INFO - 
--------------------------------------------------------------------------------
[2022-11-25 10:23:42,393] {taskinstance.py:1378} INFO - Executing <Task(PythonOperator): start> on 2022-11-24 00:00:00+00:00
[2022-11-25 10:23:42,415] {standard_task_runner.py:52} INFO - Started process 9251 to run task
[2022-11-25 10:23:42,436] {standard_task_runner.py:79} INFO - Running: ['***', 'tasks', 'run', 'GFA_Data_Engineering_Exam_dag02_ETL_pipeline_airports', 'start', 'scheduled__2022-11-24T00:00:00+00:00', '--job-id', '85', '--raw', '--subdir', 'DAGS_FOLDER/MichalisKaratsioris_dag02.py', '--cfg-path', '/tmp/tmpfge5li7d', '--error-file', '/tmp/tmpl7kqkv4k']
[2022-11-25 10:23:42,441] {standard_task_runner.py:80} INFO - Job 85: Subtask start
[2022-11-25 10:23:42,615] {task_command.py:370} INFO - Running <TaskInstance: GFA_Data_Engineering_Exam_dag02_ETL_pipeline_airports.start scheduled__2022-11-24T00:00:00+00:00 [running]> on host c78bb2381ec5
[2022-11-25 10:23:42,909] {taskinstance.py:1572} INFO - Exporting the following env vars:
AIRFLOW_CTX_DAG_OWNER=***
AIRFLOW_CTX_DAG_ID=GFA_Data_Engineering_Exam_dag02_ETL_pipeline_airports
AIRFLOW_CTX_TASK_ID=start
AIRFLOW_CTX_EXECUTION_DATE=2022-11-24T00:00:00+00:00
AIRFLOW_CTX_TRY_NUMBER=1
AIRFLOW_CTX_DAG_RUN_ID=scheduled__2022-11-24T00:00:00+00:00
[2022-11-25 10:23:42,914] {python.py:173} INFO - Done. Returned value was: Start of the work-flow!
[2022-11-25 10:23:43,042] {taskinstance.py:1401} INFO - Marking task as SUCCESS. dag_id=GFA_Data_Engineering_Exam_dag02_ETL_pipeline_airports, task_id=start, execution_date=20221124T000000, start_date=20221125T102342, end_date=20221125T102343
[2022-11-25 10:23:43,104] {local_task_job.py:156} INFO - Task exited with return code 0
[2022-11-25 10:23:43,255] {local_task_job.py:273} INFO - 1 downstream tasks scheduled from follow-on schedule check
