[2022-11-16 18:03:25,965] {taskinstance.py:1160} INFO - Dependencies all met for <TaskInstance: MSSQL_connection.transform manual__2022-11-16T18:03:16.444243+00:00 [queued]>
[2022-11-16 18:03:25,979] {taskinstance.py:1160} INFO - Dependencies all met for <TaskInstance: MSSQL_connection.transform manual__2022-11-16T18:03:16.444243+00:00 [queued]>
[2022-11-16 18:03:25,980] {taskinstance.py:1357} INFO - 
--------------------------------------------------------------------------------
[2022-11-16 18:03:25,981] {taskinstance.py:1358} INFO - Starting attempt 1 of 1
[2022-11-16 18:03:25,981] {taskinstance.py:1359} INFO - 
--------------------------------------------------------------------------------
[2022-11-16 18:03:26,002] {taskinstance.py:1378} INFO - Executing <Task(PythonOperator): transform> on 2022-11-16 18:03:16.444243+00:00
[2022-11-16 18:03:26,009] {standard_task_runner.py:52} INFO - Started process 201 to run task
[2022-11-16 18:03:26,013] {standard_task_runner.py:79} INFO - Running: ['***', 'tasks', 'run', 'MSSQL_connection', 'transform', 'manual__2022-11-16T18:03:16.444243+00:00', '--job-id', '34', '--raw', '--subdir', 'DAGS_FOLDER/pythonAirflowMSSQL.py', '--cfg-path', '/tmp/tmpon612t7s', '--error-file', '/tmp/tmpiuu1dywt']
[2022-11-16 18:03:26,015] {standard_task_runner.py:80} INFO - Job 34: Subtask transform
[2022-11-16 18:03:26,131] {task_command.py:370} INFO - Running <TaskInstance: MSSQL_connection.transform manual__2022-11-16T18:03:16.444243+00:00 [running]> on host 5036e10e6c0b
[2022-11-16 18:03:26,423] {taskinstance.py:1572} INFO - Exporting the following env vars:
AIRFLOW_CTX_DAG_OWNER=***
AIRFLOW_CTX_DAG_ID=MSSQL_connection
AIRFLOW_CTX_TASK_ID=transform
AIRFLOW_CTX_EXECUTION_DATE=2022-11-16T18:03:16.444243+00:00
AIRFLOW_CTX_TRY_NUMBER=1
AIRFLOW_CTX_DAG_RUN_ID=manual__2022-11-16T18:03:16.444243+00:00
[2022-11-16 18:03:26,679] {logging_mixin.py:115} INFO - Data extraction complete: [[5, 'J5', '5', '5 / J5'], [6, 'J6', '6', '6 / J6'], [7, 'J7', '7', '7 / J7'], [8, 'J8', '8', '8 / J8']]
[2022-11-16 18:03:26,680] {python.py:173} INFO - Done. Returned value was: [[5, 'J5', '5', '5 / J5'], [6, 'J6', '6', '6 / J6'], [7, 'J7', '7', '7 / J7'], [8, 'J8', '8', '8 / J8']]
[2022-11-16 18:03:26,824] {taskinstance.py:1401} INFO - Marking task as SUCCESS. dag_id=MSSQL_connection, task_id=transform, execution_date=20221116T180316, start_date=20221116T180325, end_date=20221116T180326
[2022-11-16 18:03:26,925] {local_task_job.py:156} INFO - Task exited with return code 0
[2022-11-16 18:03:27,047] {local_task_job.py:273} INFO - 0 downstream tasks scheduled from follow-on schedule check
