[2022-11-25 09:42:51,327] {taskinstance.py:1160} INFO - Dependencies all met for <TaskInstance: GFA_Data_Engineering_Exam_dag01_ETL_pipeline.end manual__2022-11-25T09:42:29.792011+00:00 [queued]>
[2022-11-25 09:42:51,355] {taskinstance.py:1160} INFO - Dependencies all met for <TaskInstance: GFA_Data_Engineering_Exam_dag01_ETL_pipeline.end manual__2022-11-25T09:42:29.792011+00:00 [queued]>
[2022-11-25 09:42:51,355] {taskinstance.py:1357} INFO - 
--------------------------------------------------------------------------------
[2022-11-25 09:42:51,357] {taskinstance.py:1358} INFO - Starting attempt 1 of 1
[2022-11-25 09:42:51,358] {taskinstance.py:1359} INFO - 
--------------------------------------------------------------------------------
[2022-11-25 09:42:51,408] {taskinstance.py:1378} INFO - Executing <Task(PythonOperator): end> on 2022-11-25 09:42:29.792011+00:00
[2022-11-25 09:42:51,421] {standard_task_runner.py:52} INFO - Started process 7610 to run task
[2022-11-25 09:42:51,431] {standard_task_runner.py:79} INFO - Running: ['***', 'tasks', 'run', 'GFA_Data_Engineering_Exam_dag01_ETL_pipeline', 'end', 'manual__2022-11-25T09:42:29.792011+00:00', '--job-id', '84', '--raw', '--subdir', 'DAGS_FOLDER/MichalisKaratsioris_dag01.py', '--cfg-path', '/tmp/tmpohjrlnt2', '--error-file', '/tmp/tmp2vc03hx9']
[2022-11-25 09:42:51,434] {standard_task_runner.py:80} INFO - Job 84: Subtask end
[2022-11-25 09:42:51,590] {task_command.py:370} INFO - Running <TaskInstance: GFA_Data_Engineering_Exam_dag01_ETL_pipeline.end manual__2022-11-25T09:42:29.792011+00:00 [running]> on host c78bb2381ec5
[2022-11-25 09:42:51,788] {taskinstance.py:1572} INFO - Exporting the following env vars:
AIRFLOW_CTX_DAG_OWNER=***
AIRFLOW_CTX_DAG_ID=GFA_Data_Engineering_Exam_dag01_ETL_pipeline
AIRFLOW_CTX_TASK_ID=end
AIRFLOW_CTX_EXECUTION_DATE=2022-11-25T09:42:29.792011+00:00
AIRFLOW_CTX_TRY_NUMBER=1
AIRFLOW_CTX_DAG_RUN_ID=manual__2022-11-25T09:42:29.792011+00:00
[2022-11-25 09:42:51,800] {python.py:173} INFO - Done. Returned value was: End of the work-flow!
[2022-11-25 09:42:51,891] {taskinstance.py:1401} INFO - Marking task as SUCCESS. dag_id=GFA_Data_Engineering_Exam_dag01_ETL_pipeline, task_id=end, execution_date=20221125T094229, start_date=20221125T094251, end_date=20221125T094251
[2022-11-25 09:42:51,974] {local_task_job.py:156} INFO - Task exited with return code 0
[2022-11-25 09:42:52,074] {local_task_job.py:273} INFO - 0 downstream tasks scheduled from follow-on schedule check
