[2022-11-25 10:23:47,051] {taskinstance.py:1160} INFO - Dependencies all met for <TaskInstance: GFA_Data_Engineering_Exam_dag02_ETL_pipeline_airports.extract_transform_csv scheduled__2022-11-23T00:00:00+00:00 [queued]>
[2022-11-25 10:23:47,108] {taskinstance.py:1160} INFO - Dependencies all met for <TaskInstance: GFA_Data_Engineering_Exam_dag02_ETL_pipeline_airports.extract_transform_csv scheduled__2022-11-23T00:00:00+00:00 [queued]>
[2022-11-25 10:23:47,109] {taskinstance.py:1357} INFO - 
--------------------------------------------------------------------------------
[2022-11-25 10:23:47,114] {taskinstance.py:1358} INFO - Starting attempt 1 of 1
[2022-11-25 10:23:47,115] {taskinstance.py:1359} INFO - 
--------------------------------------------------------------------------------
[2022-11-25 10:23:47,173] {taskinstance.py:1378} INFO - Executing <Task(PythonOperator): extract_transform_csv> on 2022-11-23 00:00:00+00:00
[2022-11-25 10:23:47,188] {standard_task_runner.py:52} INFO - Started process 9271 to run task
[2022-11-25 10:23:47,200] {standard_task_runner.py:79} INFO - Running: ['***', 'tasks', 'run', 'GFA_Data_Engineering_Exam_dag02_ETL_pipeline_airports', 'extract_transform_csv', 'scheduled__2022-11-23T00:00:00+00:00', '--job-id', '91', '--raw', '--subdir', 'DAGS_FOLDER/MichalisKaratsioris_dag02.py', '--cfg-path', '/tmp/tmpvdemi5vj', '--error-file', '/tmp/tmpi02854dy']
[2022-11-25 10:23:47,203] {standard_task_runner.py:80} INFO - Job 91: Subtask extract_transform_csv
[2022-11-25 10:23:47,394] {task_command.py:370} INFO - Running <TaskInstance: GFA_Data_Engineering_Exam_dag02_ETL_pipeline_airports.extract_transform_csv scheduled__2022-11-23T00:00:00+00:00 [running]> on host c78bb2381ec5
[2022-11-25 10:23:47,745] {taskinstance.py:1572} INFO - Exporting the following env vars:
AIRFLOW_CTX_DAG_OWNER=***
AIRFLOW_CTX_DAG_ID=GFA_Data_Engineering_Exam_dag02_ETL_pipeline_airports
AIRFLOW_CTX_TASK_ID=extract_transform_csv
AIRFLOW_CTX_EXECUTION_DATE=2022-11-23T00:00:00+00:00
AIRFLOW_CTX_TRY_NUMBER=1
AIRFLOW_CTX_DAG_RUN_ID=scheduled__2022-11-23T00:00:00+00:00
[2022-11-25 10:23:49,683] {taskinstance.py:1890} ERROR - Task failed with exception
Traceback (most recent call last):
  File "/home/airflow/.local/lib/python3.7/site-packages/pandas/core/indexes/base.py", line 3361, in get_loc
    return self._engine.get_loc(casted_key)
  File "pandas/_libs/index.pyx", line 76, in pandas._libs.index.IndexEngine.get_loc
  File "pandas/_libs/index.pyx", line 108, in pandas._libs.index.IndexEngine.get_loc
  File "pandas/_libs/hashtable_class_helper.pxi", line 5198, in pandas._libs.hashtable.PyObjectHashTable.get_item
  File "pandas/_libs/hashtable_class_helper.pxi", line 5206, in pandas._libs.hashtable.PyObjectHashTable.get_item
KeyError: 'elevation_ft '

The above exception was the direct cause of the following exception:

Traceback (most recent call last):
  File "/home/airflow/.local/lib/python3.7/site-packages/airflow/operators/python.py", line 171, in execute
    return_value = self.execute_callable()
  File "/home/airflow/.local/lib/python3.7/site-packages/airflow/operators/python.py", line 189, in execute_callable
    return self.python_callable(*self.op_args, **self.op_kwargs)
  File "/opt/airflow/dags/MichalisKaratsioris_dag02.py", line 34, in _extract_transform_csv
    df['elevation_ft '].fillna(0, inplace=True)
  File "/home/airflow/.local/lib/python3.7/site-packages/pandas/core/frame.py", line 3458, in __getitem__
    indexer = self.columns.get_loc(key)
  File "/home/airflow/.local/lib/python3.7/site-packages/pandas/core/indexes/base.py", line 3363, in get_loc
    raise KeyError(key) from err
KeyError: 'elevation_ft '
[2022-11-25 10:23:49,736] {taskinstance.py:1401} INFO - Marking task as FAILED. dag_id=GFA_Data_Engineering_Exam_dag02_ETL_pipeline_airports, task_id=extract_transform_csv, execution_date=20221123T000000, start_date=20221125T102347, end_date=20221125T102349
[2022-11-25 10:23:49,781] {standard_task_runner.py:97} ERROR - Failed to execute job 91 for task extract_transform_csv ('elevation_ft '; 9271)
[2022-11-25 10:23:49,854] {local_task_job.py:156} INFO - Task exited with return code 1
[2022-11-25 10:23:50,015] {local_task_job.py:273} INFO - 0 downstream tasks scheduled from follow-on schedule check
