[2022-11-25 10:31:22,051] {taskinstance.py:1160} INFO - Dependencies all met for <TaskInstance: GFA_Data_Engineering_Exam_dag02_ETL_pipeline_airports.load manual__2022-11-25T10:31:08.695913+00:00 [queued]>
[2022-11-25 10:31:22,157] {taskinstance.py:1160} INFO - Dependencies all met for <TaskInstance: GFA_Data_Engineering_Exam_dag02_ETL_pipeline_airports.load manual__2022-11-25T10:31:08.695913+00:00 [queued]>
[2022-11-25 10:31:22,160] {taskinstance.py:1357} INFO - 
--------------------------------------------------------------------------------
[2022-11-25 10:31:22,161] {taskinstance.py:1358} INFO - Starting attempt 1 of 1
[2022-11-25 10:31:22,175] {taskinstance.py:1359} INFO - 
--------------------------------------------------------------------------------
[2022-11-25 10:31:22,346] {taskinstance.py:1378} INFO - Executing <Task(PythonOperator): load> on 2022-11-25 10:31:08.695913+00:00
[2022-11-25 10:31:22,445] {standard_task_runner.py:52} INFO - Started process 9562 to run task
[2022-11-25 10:31:22,488] {standard_task_runner.py:79} INFO - Running: ['***', 'tasks', 'run', 'GFA_Data_Engineering_Exam_dag02_ETL_pipeline_airports', 'load', 'manual__2022-11-25T10:31:08.695913+00:00', '--job-id', '109', '--raw', '--subdir', 'DAGS_FOLDER/MichalisKaratsioris_dag02.py', '--cfg-path', '/tmp/tmp7qh7g8po', '--error-file', '/tmp/tmpiw10fwbo']
[2022-11-25 10:31:22,494] {standard_task_runner.py:80} INFO - Job 109: Subtask load
[2022-11-25 10:31:22,979] {task_command.py:370} INFO - Running <TaskInstance: GFA_Data_Engineering_Exam_dag02_ETL_pipeline_airports.load manual__2022-11-25T10:31:08.695913+00:00 [running]> on host c78bb2381ec5
[2022-11-25 10:31:23,829] {taskinstance.py:1572} INFO - Exporting the following env vars:
AIRFLOW_CTX_DAG_OWNER=***
AIRFLOW_CTX_DAG_ID=GFA_Data_Engineering_Exam_dag02_ETL_pipeline_airports
AIRFLOW_CTX_TASK_ID=load
AIRFLOW_CTX_EXECUTION_DATE=2022-11-25T10:31:08.695913+00:00
AIRFLOW_CTX_TRY_NUMBER=1
AIRFLOW_CTX_DAG_RUN_ID=manual__2022-11-25T10:31:08.695913+00:00
[2022-11-25 10:32:05,984] {local_task_job.py:156} INFO - Task exited with return code Negsignal.SIGKILL
[2022-11-25 10:32:06,340] {taskinstance.py:1401} INFO - Marking task as FAILED. dag_id=GFA_Data_Engineering_Exam_dag02_ETL_pipeline_airports, task_id=load, execution_date=20221125T103108, start_date=20221125T103122, end_date=20221125T103206
[2022-11-25 10:32:06,897] {local_task_job.py:273} INFO - 0 downstream tasks scheduled from follow-on schedule check
