[2022-11-25 10:26:22,754] {taskinstance.py:1160} INFO - Dependencies all met for <TaskInstance: GFA_Data_Engineering_Exam_dag02_ETL_pipeline_airports.start manual__2022-11-25T10:26:20.756099+00:00 [queued]>
[2022-11-25 10:26:22,770] {taskinstance.py:1160} INFO - Dependencies all met for <TaskInstance: GFA_Data_Engineering_Exam_dag02_ETL_pipeline_airports.start manual__2022-11-25T10:26:20.756099+00:00 [queued]>
[2022-11-25 10:26:22,771] {taskinstance.py:1357} INFO - 
--------------------------------------------------------------------------------
[2022-11-25 10:26:22,772] {taskinstance.py:1358} INFO - Starting attempt 1 of 1
[2022-11-25 10:26:22,772] {taskinstance.py:1359} INFO - 
--------------------------------------------------------------------------------
[2022-11-25 10:26:22,792] {taskinstance.py:1378} INFO - Executing <Task(PythonOperator): start> on 2022-11-25 10:26:20.756099+00:00
[2022-11-25 10:26:22,800] {standard_task_runner.py:52} INFO - Started process 9390 to run task
[2022-11-25 10:26:22,804] {standard_task_runner.py:79} INFO - Running: ['***', 'tasks', 'run', 'GFA_Data_Engineering_Exam_dag02_ETL_pipeline_airports', 'start', 'manual__2022-11-25T10:26:20.756099+00:00', '--job-id', '98', '--raw', '--subdir', 'DAGS_FOLDER/MichalisKaratsioris_dag02.py', '--cfg-path', '/tmp/tmp57uyjlw5', '--error-file', '/tmp/tmpukbfspj3']
[2022-11-25 10:26:22,805] {standard_task_runner.py:80} INFO - Job 98: Subtask start
[2022-11-25 10:26:22,873] {task_command.py:370} INFO - Running <TaskInstance: GFA_Data_Engineering_Exam_dag02_ETL_pipeline_airports.start manual__2022-11-25T10:26:20.756099+00:00 [running]> on host c78bb2381ec5
[2022-11-25 10:26:22,987] {taskinstance.py:1572} INFO - Exporting the following env vars:
AIRFLOW_CTX_DAG_OWNER=***
AIRFLOW_CTX_DAG_ID=GFA_Data_Engineering_Exam_dag02_ETL_pipeline_airports
AIRFLOW_CTX_TASK_ID=start
AIRFLOW_CTX_EXECUTION_DATE=2022-11-25T10:26:20.756099+00:00
AIRFLOW_CTX_TRY_NUMBER=1
AIRFLOW_CTX_DAG_RUN_ID=manual__2022-11-25T10:26:20.756099+00:00
[2022-11-25 10:26:22,990] {python.py:173} INFO - Done. Returned value was: Start of the work-flow!
[2022-11-25 10:26:23,029] {taskinstance.py:1401} INFO - Marking task as SUCCESS. dag_id=GFA_Data_Engineering_Exam_dag02_ETL_pipeline_airports, task_id=start, execution_date=20221125T102620, start_date=20221125T102622, end_date=20221125T102623
[2022-11-25 10:26:23,062] {local_task_job.py:156} INFO - Task exited with return code 0
[2022-11-25 10:26:23,149] {local_task_job.py:273} INFO - 1 downstream tasks scheduled from follow-on schedule check
