[2022-11-25 11:23:57,985] {taskinstance.py:1160} INFO - Dependencies all met for <TaskInstance: GFA_Data_Engineering_Exam_dag02_ETL_pipeline_airports.start manual__2022-11-25T11:23:48.249213+00:00 [queued]>
[2022-11-25 11:23:58,067] {taskinstance.py:1160} INFO - Dependencies all met for <TaskInstance: GFA_Data_Engineering_Exam_dag02_ETL_pipeline_airports.start manual__2022-11-25T11:23:48.249213+00:00 [queued]>
[2022-11-25 11:23:58,068] {taskinstance.py:1357} INFO - 
--------------------------------------------------------------------------------
[2022-11-25 11:23:58,070] {taskinstance.py:1358} INFO - Starting attempt 1 of 1
[2022-11-25 11:23:58,076] {taskinstance.py:1359} INFO - 
--------------------------------------------------------------------------------
[2022-11-25 11:23:58,186] {taskinstance.py:1378} INFO - Executing <Task(PythonOperator): start> on 2022-11-25 11:23:48.249213+00:00
[2022-11-25 11:23:58,218] {standard_task_runner.py:52} INFO - Started process 281 to run task
[2022-11-25 11:23:58,241] {standard_task_runner.py:79} INFO - Running: ['***', 'tasks', 'run', 'GFA_Data_Engineering_Exam_dag02_ETL_pipeline_airports', 'start', 'manual__2022-11-25T11:23:48.249213+00:00', '--job-id', '118', '--raw', '--subdir', 'DAGS_FOLDER/MichalisKaratsioris_dag02.py', '--cfg-path', '/tmp/tmp323gf4nf', '--error-file', '/tmp/tmpfy6dp6li']
[2022-11-25 11:23:58,245] {standard_task_runner.py:80} INFO - Job 118: Subtask start
[2022-11-25 11:23:58,984] {task_command.py:370} INFO - Running <TaskInstance: GFA_Data_Engineering_Exam_dag02_ETL_pipeline_airports.start manual__2022-11-25T11:23:48.249213+00:00 [running]> on host c78bb2381ec5
[2022-11-25 11:23:59,955] {taskinstance.py:1572} INFO - Exporting the following env vars:
AIRFLOW_CTX_DAG_OWNER=***
AIRFLOW_CTX_DAG_ID=GFA_Data_Engineering_Exam_dag02_ETL_pipeline_airports
AIRFLOW_CTX_TASK_ID=start
AIRFLOW_CTX_EXECUTION_DATE=2022-11-25T11:23:48.249213+00:00
AIRFLOW_CTX_TRY_NUMBER=1
AIRFLOW_CTX_DAG_RUN_ID=manual__2022-11-25T11:23:48.249213+00:00
[2022-11-25 11:23:59,971] {python.py:173} INFO - Done. Returned value was: Start of the work-flow!
[2022-11-25 11:24:00,234] {taskinstance.py:1401} INFO - Marking task as SUCCESS. dag_id=GFA_Data_Engineering_Exam_dag02_ETL_pipeline_airports, task_id=start, execution_date=20221125T112348, start_date=20221125T112357, end_date=20221125T112400
[2022-11-25 11:24:00,350] {local_task_job.py:156} INFO - Task exited with return code 0
[2022-11-25 11:24:00,552] {local_task_job.py:273} INFO - 0 downstream tasks scheduled from follow-on schedule check
