[2022-11-25 09:27:30,446] {taskinstance.py:1160} INFO - Dependencies all met for <TaskInstance: GFA_Data_Engineering_Exam_dag01_ETL_pipeline.start scheduled__2022-11-24T00:00:00+00:00 [queued]>
[2022-11-25 09:27:30,507] {taskinstance.py:1160} INFO - Dependencies all met for <TaskInstance: GFA_Data_Engineering_Exam_dag01_ETL_pipeline.start scheduled__2022-11-24T00:00:00+00:00 [queued]>
[2022-11-25 09:27:30,508] {taskinstance.py:1357} INFO - 
--------------------------------------------------------------------------------
[2022-11-25 09:27:30,509] {taskinstance.py:1358} INFO - Starting attempt 1 of 1
[2022-11-25 09:27:30,510] {taskinstance.py:1359} INFO - 
--------------------------------------------------------------------------------
[2022-11-25 09:27:30,595] {taskinstance.py:1378} INFO - Executing <Task(PythonOperator): start> on 2022-11-24 00:00:00+00:00
[2022-11-25 09:27:30,659] {standard_task_runner.py:52} INFO - Started process 6843 to run task
[2022-11-25 09:27:30,679] {standard_task_runner.py:79} INFO - Running: ['***', 'tasks', 'run', 'GFA_Data_Engineering_Exam_dag01_ETL_pipeline', 'start', 'scheduled__2022-11-24T00:00:00+00:00', '--job-id', '45', '--raw', '--subdir', 'DAGS_FOLDER/MichalisKaratsioris_dag01.py', '--cfg-path', '/tmp/tmpw2_kdjl9', '--error-file', '/tmp/tmp4bdn7mld']
[2022-11-25 09:27:30,684] {standard_task_runner.py:80} INFO - Job 45: Subtask start
[2022-11-25 09:27:30,957] {task_command.py:370} INFO - Running <TaskInstance: GFA_Data_Engineering_Exam_dag01_ETL_pipeline.start scheduled__2022-11-24T00:00:00+00:00 [running]> on host c78bb2381ec5
[2022-11-25 09:27:31,396] {taskinstance.py:1572} INFO - Exporting the following env vars:
AIRFLOW_CTX_DAG_OWNER=***
AIRFLOW_CTX_DAG_ID=GFA_Data_Engineering_Exam_dag01_ETL_pipeline
AIRFLOW_CTX_TASK_ID=start
AIRFLOW_CTX_EXECUTION_DATE=2022-11-24T00:00:00+00:00
AIRFLOW_CTX_TRY_NUMBER=1
AIRFLOW_CTX_DAG_RUN_ID=scheduled__2022-11-24T00:00:00+00:00
[2022-11-25 09:27:31,434] {python.py:173} INFO - Done. Returned value was: Start of the work-flow!
[2022-11-25 09:27:31,892] {taskinstance.py:1401} INFO - Marking task as SUCCESS. dag_id=GFA_Data_Engineering_Exam_dag01_ETL_pipeline, task_id=start, execution_date=20221124T000000, start_date=20221125T092730, end_date=20221125T092731
[2022-11-25 09:27:32,326] {local_task_job.py:156} INFO - Task exited with return code 0
[2022-11-25 09:27:32,662] {local_task_job.py:273} INFO - 1 downstream tasks scheduled from follow-on schedule check
