[2022-11-24 10:57:09,015] {processor.py:153} INFO - Started process (PID=68) to work on /opt/airflow/dags/MichalisKaratsioris_dag03.py
[2022-11-24 10:57:09,019] {processor.py:641} INFO - Processing file /opt/airflow/dags/MichalisKaratsioris_dag03.py for tasks to queue
[2022-11-24 10:57:09,024] {logging_mixin.py:115} INFO - [2022-11-24 10:57:09,022] {dagbag.py:507} INFO - Filling up the DagBag from /opt/airflow/dags/MichalisKaratsioris_dag03.py
[2022-11-24 10:57:14,639] {processor.py:651} INFO - DAG(s) dict_keys(['GFA_Data_Engineering_Exam_dag03']) retrieved from /opt/airflow/dags/MichalisKaratsioris_dag03.py
[2022-11-24 10:57:14,869] {logging_mixin.py:115} INFO - [2022-11-24 10:57:14,857] {dag.py:2379} INFO - Sync 1 DAGs
[2022-11-24 10:57:15,042] {logging_mixin.py:115} INFO - [2022-11-24 10:57:15,041] {dag.py:2927} INFO - Setting next_dagrun for GFA_Data_Engineering_Exam_dag03 to 2022-11-22T00:00:00+00:00, run_after=2022-11-23T00:00:00+00:00
[2022-11-24 10:57:15,156] {processor.py:161} INFO - Processing /opt/airflow/dags/MichalisKaratsioris_dag03.py took 6.284 seconds
[2022-11-24 10:57:46,059] {processor.py:153} INFO - Started process (PID=106) to work on /opt/airflow/dags/MichalisKaratsioris_dag03.py
[2022-11-24 10:57:46,060] {processor.py:641} INFO - Processing file /opt/airflow/dags/MichalisKaratsioris_dag03.py for tasks to queue
[2022-11-24 10:57:46,061] {logging_mixin.py:115} INFO - [2022-11-24 10:57:46,061] {dagbag.py:507} INFO - Filling up the DagBag from /opt/airflow/dags/MichalisKaratsioris_dag03.py
[2022-11-24 10:57:46,709] {processor.py:651} INFO - DAG(s) dict_keys(['GFA_Data_Engineering_Exam_dag03']) retrieved from /opt/airflow/dags/MichalisKaratsioris_dag03.py
[2022-11-24 10:57:46,736] {logging_mixin.py:115} INFO - [2022-11-24 10:57:46,736] {dag.py:2379} INFO - Sync 1 DAGs
[2022-11-24 10:57:46,757] {logging_mixin.py:115} INFO - [2022-11-24 10:57:46,757] {dag.py:2927} INFO - Setting next_dagrun for GFA_Data_Engineering_Exam_dag03 to 2022-11-22T00:00:00+00:00, run_after=2022-11-23T00:00:00+00:00
[2022-11-24 10:57:46,773] {processor.py:161} INFO - Processing /opt/airflow/dags/MichalisKaratsioris_dag03.py took 0.726 seconds
[2022-11-24 11:01:14,781] {processor.py:153} INFO - Started process (PID=78) to work on /opt/airflow/dags/MichalisKaratsioris_dag03.py
[2022-11-24 11:01:14,798] {processor.py:641} INFO - Processing file /opt/airflow/dags/MichalisKaratsioris_dag03.py for tasks to queue
[2022-11-24 11:01:14,802] {logging_mixin.py:115} INFO - [2022-11-24 11:01:14,802] {dagbag.py:507} INFO - Filling up the DagBag from /opt/airflow/dags/MichalisKaratsioris_dag03.py
[2022-11-24 11:01:16,581] {processor.py:651} INFO - DAG(s) dict_keys(['GFA_Data_Engineering_Exam_dag03']) retrieved from /opt/airflow/dags/MichalisKaratsioris_dag03.py
[2022-11-24 11:01:16,660] {logging_mixin.py:115} INFO - [2022-11-24 11:01:16,660] {dag.py:2379} INFO - Sync 1 DAGs
[2022-11-24 11:01:16,720] {logging_mixin.py:115} INFO - [2022-11-24 11:01:16,720] {dag.py:2927} INFO - Setting next_dagrun for GFA_Data_Engineering_Exam_dag03 to 2022-11-22T00:00:00+00:00, run_after=2022-11-23T00:00:00+00:00
[2022-11-24 11:01:16,747] {processor.py:161} INFO - Processing /opt/airflow/dags/MichalisKaratsioris_dag03.py took 1.989 seconds
[2022-11-24 11:01:47,559] {processor.py:153} INFO - Started process (PID=106) to work on /opt/airflow/dags/MichalisKaratsioris_dag03.py
[2022-11-24 11:01:47,560] {processor.py:641} INFO - Processing file /opt/airflow/dags/MichalisKaratsioris_dag03.py for tasks to queue
[2022-11-24 11:01:47,561] {logging_mixin.py:115} INFO - [2022-11-24 11:01:47,561] {dagbag.py:507} INFO - Filling up the DagBag from /opt/airflow/dags/MichalisKaratsioris_dag03.py
[2022-11-24 11:01:48,049] {processor.py:651} INFO - DAG(s) dict_keys(['GFA_Data_Engineering_Exam_dag03']) retrieved from /opt/airflow/dags/MichalisKaratsioris_dag03.py
[2022-11-24 11:01:48,080] {logging_mixin.py:115} INFO - [2022-11-24 11:01:48,079] {dag.py:2379} INFO - Sync 1 DAGs
[2022-11-24 11:01:48,116] {logging_mixin.py:115} INFO - [2022-11-24 11:01:48,116] {dag.py:2927} INFO - Setting next_dagrun for GFA_Data_Engineering_Exam_dag03 to 2022-11-22T00:00:00+00:00, run_after=2022-11-23T00:00:00+00:00
[2022-11-24 11:01:48,137] {processor.py:161} INFO - Processing /opt/airflow/dags/MichalisKaratsioris_dag03.py took 0.584 seconds
[2022-11-24 11:02:18,363] {processor.py:153} INFO - Started process (PID=143) to work on /opt/airflow/dags/MichalisKaratsioris_dag03.py
[2022-11-24 11:02:18,364] {processor.py:641} INFO - Processing file /opt/airflow/dags/MichalisKaratsioris_dag03.py for tasks to queue
[2022-11-24 11:02:18,366] {logging_mixin.py:115} INFO - [2022-11-24 11:02:18,366] {dagbag.py:507} INFO - Filling up the DagBag from /opt/airflow/dags/MichalisKaratsioris_dag03.py
[2022-11-24 11:02:18,932] {processor.py:651} INFO - DAG(s) dict_keys(['GFA_Data_Engineering_Exam_dag03']) retrieved from /opt/airflow/dags/MichalisKaratsioris_dag03.py
[2022-11-24 11:02:18,959] {logging_mixin.py:115} INFO - [2022-11-24 11:02:18,959] {dag.py:2379} INFO - Sync 1 DAGs
[2022-11-24 11:02:18,980] {logging_mixin.py:115} INFO - [2022-11-24 11:02:18,980] {dag.py:2927} INFO - Setting next_dagrun for GFA_Data_Engineering_Exam_dag03 to 2022-11-22T00:00:00+00:00, run_after=2022-11-23T00:00:00+00:00
[2022-11-24 11:02:18,996] {processor.py:161} INFO - Processing /opt/airflow/dags/MichalisKaratsioris_dag03.py took 0.639 seconds
