[2022-11-16 15:35:28,898] {taskinstance.py:1160} INFO - Dependencies all met for <TaskInstance: MSSQL_connection.transform manual__2022-11-16T15:35:19.410655+00:00 [queued]>
[2022-11-16 15:35:28,915] {taskinstance.py:1160} INFO - Dependencies all met for <TaskInstance: MSSQL_connection.transform manual__2022-11-16T15:35:19.410655+00:00 [queued]>
[2022-11-16 15:35:28,916] {taskinstance.py:1357} INFO - 
--------------------------------------------------------------------------------
[2022-11-16 15:35:28,916] {taskinstance.py:1358} INFO - Starting attempt 1 of 1
[2022-11-16 15:35:28,917] {taskinstance.py:1359} INFO - 
--------------------------------------------------------------------------------
[2022-11-16 15:35:28,941] {taskinstance.py:1378} INFO - Executing <Task(PythonOperator): transform> on 2022-11-16 15:35:19.410655+00:00
[2022-11-16 15:35:28,950] {standard_task_runner.py:52} INFO - Started process 1705 to run task
[2022-11-16 15:35:28,955] {standard_task_runner.py:79} INFO - Running: ['***', 'tasks', 'run', 'MSSQL_connection', 'transform', 'manual__2022-11-16T15:35:19.410655+00:00', '--job-id', '27', '--raw', '--subdir', 'DAGS_FOLDER/pythonAirflowMSSQL.py', '--cfg-path', '/tmp/tmp52b6bmhl', '--error-file', '/tmp/tmpo4_189ig']
[2022-11-16 15:35:28,957] {standard_task_runner.py:80} INFO - Job 27: Subtask transform
[2022-11-16 15:35:29,094] {task_command.py:370} INFO - Running <TaskInstance: MSSQL_connection.transform manual__2022-11-16T15:35:19.410655+00:00 [running]> on host 5036e10e6c0b
[2022-11-16 15:35:29,256] {taskinstance.py:1572} INFO - Exporting the following env vars:
AIRFLOW_CTX_DAG_OWNER=***
AIRFLOW_CTX_DAG_ID=MSSQL_connection
AIRFLOW_CTX_TASK_ID=transform
AIRFLOW_CTX_EXECUTION_DATE=2022-11-16T15:35:19.410655+00:00
AIRFLOW_CTX_TRY_NUMBER=1
AIRFLOW_CTX_DAG_RUN_ID=manual__2022-11-16T15:35:19.410655+00:00
[2022-11-16 15:35:29,351] {logging_mixin.py:115} INFO - Data extraction complete: [[6, 'J6', '6', '6 / J6'], [7, 'J7', '7', '7 / J7']]
[2022-11-16 15:35:29,352] {python.py:173} INFO - Done. Returned value was: [[6, 'J6', '6', '6 / J6'], [7, 'J7', '7', '7 / J7']]
[2022-11-16 15:35:29,412] {taskinstance.py:1401} INFO - Marking task as SUCCESS. dag_id=MSSQL_connection, task_id=transform, execution_date=20221116T153519, start_date=20221116T153528, end_date=20221116T153529
[2022-11-16 15:35:29,490] {local_task_job.py:156} INFO - Task exited with return code 0
[2022-11-16 15:35:29,549] {local_task_job.py:273} INFO - 1 downstream tasks scheduled from follow-on schedule check
