[2022-11-16 14:39:19,541] {manager.py:477} INFO - Processing files using up to 2 processes at a time 
[2022-11-16 14:39:19,542] {manager.py:478} INFO - Process each file at most once every 30 seconds
[2022-11-16 14:39:19,543] {manager.py:480} INFO - Checking for new files in /opt/airflow/dags every 300 seconds
[2022-11-16 14:39:19,544] {manager.py:687} INFO - Searching for files in /opt/airflow/dags
[2022-11-16 14:39:19,549] {manager.py:690} INFO - There are 0 files in /opt/airflow/dags
[2022-11-16 14:40:09,707] {manager.py:458} INFO - Exiting gracefully upon receiving signal 15
[2022-11-16 14:42:28,280] {manager.py:477} INFO - Processing files using up to 2 processes at a time 
[2022-11-16 14:42:28,283] {manager.py:478} INFO - Process each file at most once every 30 seconds
[2022-11-16 14:42:28,284] {manager.py:480} INFO - Checking for new files in /opt/airflow/dags every 300 seconds
[2022-11-16 14:42:28,286] {manager.py:687} INFO - Searching for files in /opt/airflow/dags
[2022-11-16 14:42:28,311] {manager.py:690} INFO - There are 0 files in /opt/airflow/dags
[2022-11-16 14:47:29,146] {manager.py:687} INFO - Searching for files in /opt/airflow/dags
[2022-11-16 14:47:29,212] {manager.py:690} INFO - There are 0 files in /opt/airflow/dags
[2022-11-16 14:50:41,628] {manager.py:458} INFO - Exiting gracefully upon receiving signal 15
[2022-11-16 14:54:50,944] {manager.py:477} INFO - Processing files using up to 2 processes at a time 
[2022-11-16 14:54:50,947] {manager.py:478} INFO - Process each file at most once every 30 seconds
[2022-11-16 14:54:50,949] {manager.py:480} INFO - Checking for new files in /opt/airflow/dags every 300 seconds
[2022-11-16 14:54:50,950] {manager.py:687} INFO - Searching for files in /opt/airflow/dags
[2022-11-16 14:54:50,977] {manager.py:690} INFO - There are 0 files in /opt/airflow/dags
[2022-11-16 14:59:51,428] {manager.py:687} INFO - Searching for files in /opt/airflow/dags
[2022-11-16 14:59:51,477] {manager.py:690} INFO - There are 0 files in /opt/airflow/dags
[2022-11-16 15:04:51,720] {manager.py:687} INFO - Searching for files in /opt/airflow/dags
[2022-11-16 15:04:51,750] {manager.py:690} INFO - There are 0 files in /opt/airflow/dags
[2022-11-16 15:09:51,840] {manager.py:687} INFO - Searching for files in /opt/airflow/dags
[2022-11-16 15:09:52,004] {manager.py:690} INFO - There are 1 files in /opt/airflow/dags
[2022-11-16 15:09:58,764] {manager.py:806} INFO - 
================================================================================
DAG File Processing Stats

File Path                                  PID  Runtime      # DAGs    # Errors  Last Runtime    Last Run
---------------------------------------  -----  ---------  --------  ----------  --------------  ----------
/opt/airflow/dags/pythonAirflowMSSQL.py    716  6.10s             0           0
================================================================================
[2022-11-16 15:10:30,157] {manager.py:806} INFO - 
================================================================================
DAG File Processing Stats

File Path                                PID    Runtime      # DAGs    # Errors  Last Runtime    Last Run
---------------------------------------  -----  ---------  --------  ----------  --------------  -------------------
/opt/airflow/dags/pythonAirflowMSSQL.py                           1           0  7.78s           2022-11-16T15:10:00
================================================================================
[2022-11-16 15:11:01,045] {manager.py:806} INFO - 
================================================================================
DAG File Processing Stats

File Path                                  PID  Runtime      # DAGs    # Errors  Last Runtime    Last Run
---------------------------------------  -----  ---------  --------  ----------  --------------  -------------------
/opt/airflow/dags/pythonAirflowMSSQL.py    748  8.70s             1           0  12.10s          2022-11-16T15:10:43
================================================================================
[2022-11-16 15:11:31,179] {manager.py:806} INFO - 
================================================================================
DAG File Processing Stats

File Path                                PID    Runtime      # DAGs    # Errors  Last Runtime    Last Run
---------------------------------------  -----  ---------  --------  ----------  --------------  -------------------
/opt/airflow/dags/pythonAirflowMSSQL.py                           1           0  13.60s          2022-11-16T15:11:05
================================================================================
[2022-11-16 15:12:02,125] {manager.py:806} INFO - 
================================================================================
DAG File Processing Stats

File Path                                PID    Runtime      # DAGs    # Errors  Last Runtime    Last Run
---------------------------------------  -----  ---------  --------  ----------  --------------  -------------------
/opt/airflow/dags/pythonAirflowMSSQL.py                           1           0  2.20s           2022-11-16T15:11:38
================================================================================
[2022-11-16 15:12:32,492] {manager.py:806} INFO - 
================================================================================
DAG File Processing Stats

File Path                                PID    Runtime      # DAGs    # Errors  Last Runtime    Last Run
---------------------------------------  -----  ---------  --------  ----------  --------------  -------------------
/opt/airflow/dags/pythonAirflowMSSQL.py                           1           0  19.96s          2022-11-16T15:12:25
================================================================================
[2022-11-16 15:13:02,671] {manager.py:806} INFO - 
================================================================================
DAG File Processing Stats

File Path                                  PID  Runtime      # DAGs    # Errors  Last Runtime    Last Run
---------------------------------------  -----  ---------  --------  ----------  --------------  -------------------
/opt/airflow/dags/pythonAirflowMSSQL.py    834  6.83s             1           0  19.96s          2022-11-16T15:12:25
================================================================================
[2022-11-16 15:13:32,988] {manager.py:806} INFO - 
================================================================================
DAG File Processing Stats

File Path                                PID    Runtime      # DAGs    # Errors  Last Runtime    Last Run
---------------------------------------  -----  ---------  --------  ----------  --------------  -------------------
/opt/airflow/dags/pythonAirflowMSSQL.py                           1           0  11.01s          2022-11-16T15:13:06
================================================================================
[2022-11-16 15:14:03,552] {manager.py:806} INFO - 
================================================================================
DAG File Processing Stats

File Path                                PID    Runtime      # DAGs    # Errors  Last Runtime    Last Run
---------------------------------------  -----  ---------  --------  ----------  --------------  -------------------
/opt/airflow/dags/pythonAirflowMSSQL.py                           1           0  2.53s           2022-11-16T15:13:39
================================================================================
[2022-11-16 15:14:33,862] {manager.py:806} INFO - 
================================================================================
DAG File Processing Stats

File Path                                PID    Runtime      # DAGs    # Errors  Last Runtime    Last Run
---------------------------------------  -----  ---------  --------  ----------  --------------  -------------------
/opt/airflow/dags/pythonAirflowMSSQL.py                           1           0  1.24s           2022-11-16T15:14:10
================================================================================
[2022-11-16 15:14:52,014] {manager.py:687} INFO - Searching for files in /opt/airflow/dags
[2022-11-16 15:14:52,078] {manager.py:690} INFO - There are 1 files in /opt/airflow/dags
[2022-11-16 15:15:04,284] {manager.py:806} INFO - 
================================================================================
DAG File Processing Stats

File Path                                PID    Runtime      # DAGs    # Errors  Last Runtime    Last Run
---------------------------------------  -----  ---------  --------  ----------  --------------  -------------------
/opt/airflow/dags/pythonAirflowMSSQL.py                           1           0  3.13s           2022-11-16T15:14:44
================================================================================
[2022-11-16 15:15:34,993] {manager.py:806} INFO - 
================================================================================
DAG File Processing Stats

File Path                                PID    Runtime      # DAGs    # Errors  Last Runtime    Last Run
---------------------------------------  -----  ---------  --------  ----------  --------------  -------------------
/opt/airflow/dags/pythonAirflowMSSQL.py                           1           0  4.99s           2022-11-16T15:15:19
================================================================================
[2022-11-16 15:16:05,321] {manager.py:806} INFO - 
================================================================================
DAG File Processing Stats

File Path                                PID    Runtime      # DAGs    # Errors  Last Runtime    Last Run
---------------------------------------  -----  ---------  --------  ----------  --------------  -------------------
/opt/airflow/dags/pythonAirflowMSSQL.py                           1           0  3.92s           2022-11-16T15:16:02
================================================================================
[2022-11-16 15:16:35,457] {manager.py:806} INFO - 
================================================================================
DAG File Processing Stats

File Path                                  PID  Runtime      # DAGs    # Errors  Last Runtime    Last Run
---------------------------------------  -----  ---------  --------  ----------  --------------  -------------------
/opt/airflow/dags/pythonAirflowMSSQL.py    990  2.24s             1           0  3.92s           2022-11-16T15:16:02
================================================================================
[2022-11-16 15:17:05,685] {manager.py:806} INFO - 
================================================================================
DAG File Processing Stats

File Path                                PID    Runtime      # DAGs    # Errors  Last Runtime    Last Run
---------------------------------------  -----  ---------  --------  ----------  --------------  -------------------
/opt/airflow/dags/pythonAirflowMSSQL.py                           1           0  17.10s          2022-11-16T15:16:50
================================================================================
[2022-11-16 15:17:36,015] {manager.py:806} INFO - 
================================================================================
DAG File Processing Stats

File Path                                PID    Runtime      # DAGs    # Errors  Last Runtime    Last Run
---------------------------------------  -----  ---------  --------  ----------  --------------  -------------------
/opt/airflow/dags/pythonAirflowMSSQL.py                           1           0  1.96s           2022-11-16T15:17:22
================================================================================
[2022-11-16 15:18:06,281] {manager.py:806} INFO - 
================================================================================
DAG File Processing Stats

File Path                                PID    Runtime      # DAGs    # Errors  Last Runtime    Last Run
---------------------------------------  -----  ---------  --------  ----------  --------------  -------------------
/opt/airflow/dags/pythonAirflowMSSQL.py                           1           0  2.36s           2022-11-16T15:17:55
================================================================================
[2022-11-16 15:18:36,828] {manager.py:806} INFO - 
================================================================================
DAG File Processing Stats

File Path                                PID    Runtime      # DAGs    # Errors  Last Runtime    Last Run
---------------------------------------  -----  ---------  --------  ----------  --------------  -------------------
/opt/airflow/dags/pythonAirflowMSSQL.py                           1           0  7.23s           2022-11-16T15:18:22
================================================================================
[2022-11-16 15:19:07,260] {manager.py:806} INFO - 
================================================================================
DAG File Processing Stats

File Path                                PID    Runtime      # DAGs    # Errors  Last Runtime    Last Run
---------------------------------------  -----  ---------  --------  ----------  --------------  -------------------
/opt/airflow/dags/pythonAirflowMSSQL.py                           1           0  12.04s          2022-11-16T15:19:05
================================================================================
[2022-11-16 15:19:37,451] {manager.py:806} INFO - 
================================================================================
DAG File Processing Stats

File Path                                PID    Runtime      # DAGs    # Errors  Last Runtime    Last Run
---------------------------------------  -----  ---------  --------  ----------  --------------  -------------------
/opt/airflow/dags/pythonAirflowMSSQL.py                           1           0  1.16s           2022-11-16T15:19:36
================================================================================
[2022-11-16 15:19:52,509] {manager.py:687} INFO - Searching for files in /opt/airflow/dags
[2022-11-16 15:19:52,531] {manager.py:690} INFO - There are 1 files in /opt/airflow/dags
[2022-11-16 15:20:08,010] {manager.py:806} INFO - 
================================================================================
DAG File Processing Stats

File Path                                  PID  Runtime      # DAGs    # Errors  Last Runtime    Last Run
---------------------------------------  -----  ---------  --------  ----------  --------------  -------------------
/opt/airflow/dags/pythonAirflowMSSQL.py   1138  1.07s             1           0  1.16s           2022-11-16T15:19:36
================================================================================
[2022-11-16 15:20:38,173] {manager.py:806} INFO - 
================================================================================
DAG File Processing Stats

File Path                                PID    Runtime      # DAGs    # Errors  Last Runtime    Last Run
---------------------------------------  -----  ---------  --------  ----------  --------------  -------------------
/opt/airflow/dags/pythonAirflowMSSQL.py                           1           0  1.98s           2022-11-16T15:20:08
================================================================================
[2022-11-16 15:21:08,585] {manager.py:806} INFO - 
================================================================================
DAG File Processing Stats

File Path                                PID    Runtime      # DAGs    # Errors  Last Runtime    Last Run
---------------------------------------  -----  ---------  --------  ----------  --------------  -------------------
/opt/airflow/dags/pythonAirflowMSSQL.py                           1           0  1.34s           2022-11-16T15:20:40
================================================================================
[2022-11-16 15:21:38,980] {manager.py:806} INFO - 
================================================================================
DAG File Processing Stats

File Path                                PID    Runtime      # DAGs    # Errors  Last Runtime    Last Run
---------------------------------------  -----  ---------  --------  ----------  --------------  -------------------
/opt/airflow/dags/pythonAirflowMSSQL.py                           1           0  5.46s           2022-11-16T15:21:16
================================================================================
[2022-11-16 15:22:09,359] {manager.py:806} INFO - 
================================================================================
DAG File Processing Stats

File Path                                PID    Runtime      # DAGs    # Errors  Last Runtime    Last Run
---------------------------------------  -----  ---------  --------  ----------  --------------  -------------------
/opt/airflow/dags/pythonAirflowMSSQL.py                           1           0  9.76s           2022-11-16T15:21:52
================================================================================
[2022-11-16 15:22:39,462] {manager.py:806} INFO - 
================================================================================
DAG File Processing Stats

File Path                                PID    Runtime      # DAGs    # Errors  Last Runtime    Last Run
---------------------------------------  -----  ---------  --------  ----------  --------------  -------------------
/opt/airflow/dags/pythonAirflowMSSQL.py                           1           0  6.74s           2022-11-16T15:22:30
================================================================================
[2022-11-16 15:23:09,659] {manager.py:806} INFO - 
================================================================================
DAG File Processing Stats

File Path                                PID    Runtime      # DAGs    # Errors  Last Runtime    Last Run
---------------------------------------  -----  ---------  --------  ----------  --------------  -------------------
/opt/airflow/dags/pythonAirflowMSSQL.py                           1           0  0.99s           2022-11-16T15:23:01
================================================================================
[2022-11-16 15:23:40,067] {manager.py:806} INFO - 
================================================================================
DAG File Processing Stats

File Path                                PID    Runtime      # DAGs    # Errors  Last Runtime    Last Run
---------------------------------------  -----  ---------  --------  ----------  --------------  -------------------
/opt/airflow/dags/pythonAirflowMSSQL.py                           1           0  6.85s           2022-11-16T15:23:34
================================================================================
[2022-11-16 15:24:10,248] {manager.py:806} INFO - 
================================================================================
DAG File Processing Stats

File Path                                PID    Runtime      # DAGs    # Errors  Last Runtime    Last Run
---------------------------------------  -----  ---------  --------  ----------  --------------  -------------------
/opt/airflow/dags/pythonAirflowMSSQL.py                           1           0  2.51s           2022-11-16T15:24:07
================================================================================
[2022-11-16 15:24:41,001] {manager.py:806} INFO - 
================================================================================
DAG File Processing Stats

File Path                                PID    Runtime      # DAGs    # Errors  Last Runtime    Last Run
---------------------------------------  -----  ---------  --------  ----------  --------------  -------------------
/opt/airflow/dags/pythonAirflowMSSQL.py                           1           0  0.64s           2022-11-16T15:24:38
================================================================================
[2022-11-16 15:24:53,404] {manager.py:687} INFO - Searching for files in /opt/airflow/dags
[2022-11-16 15:24:53,470] {manager.py:690} INFO - There are 1 files in /opt/airflow/dags
[2022-11-16 15:25:11,512] {manager.py:806} INFO - 
================================================================================
DAG File Processing Stats

File Path                                PID    Runtime      # DAGs    # Errors  Last Runtime    Last Run
---------------------------------------  -----  ---------  --------  ----------  --------------  -------------------
/opt/airflow/dags/pythonAirflowMSSQL.py                           1           0  0.83s           2022-11-16T15:25:09
================================================================================
[2022-11-16 15:25:41,601] {manager.py:806} INFO - 
================================================================================
DAG File Processing Stats

File Path                                PID    Runtime      # DAGs    # Errors  Last Runtime    Last Run
---------------------------------------  -----  ---------  --------  ----------  --------------  -------------------
/opt/airflow/dags/pythonAirflowMSSQL.py                           1           0  0.78s           2022-11-16T15:25:40
================================================================================
[2022-11-16 15:26:12,370] {manager.py:806} INFO - 
================================================================================
DAG File Processing Stats

File Path                                  PID  Runtime      # DAGs    # Errors  Last Runtime    Last Run
---------------------------------------  -----  ---------  --------  ----------  --------------  -------------------
/opt/airflow/dags/pythonAirflowMSSQL.py   1396  1.07s             1           0  0.78s           2022-11-16T15:25:40
================================================================================
[2022-11-16 15:26:42,579] {manager.py:806} INFO - 
================================================================================
DAG File Processing Stats

File Path                                PID    Runtime      # DAGs    # Errors  Last Runtime    Last Run
---------------------------------------  -----  ---------  --------  ----------  --------------  -------------------
/opt/airflow/dags/pythonAirflowMSSQL.py                           1           0  5.71s           2022-11-16T15:26:17
================================================================================
[2022-11-16 15:27:12,797] {manager.py:806} INFO - 
================================================================================
DAG File Processing Stats

File Path                                PID    Runtime      # DAGs    # Errors  Last Runtime    Last Run
---------------------------------------  -----  ---------  --------  ----------  --------------  -------------------
/opt/airflow/dags/pythonAirflowMSSQL.py                           1           0  1.23s           2022-11-16T15:26:48
================================================================================
[2022-11-16 15:27:42,868] {manager.py:806} INFO - 
================================================================================
DAG File Processing Stats

File Path                                PID    Runtime      # DAGs    # Errors  Last Runtime    Last Run
---------------------------------------  -----  ---------  --------  ----------  --------------  -------------------
/opt/airflow/dags/pythonAirflowMSSQL.py                           1           0  1.74s           2022-11-16T15:27:20
================================================================================
[2022-11-16 15:28:13,017] {manager.py:806} INFO - 
================================================================================
DAG File Processing Stats

File Path                                PID    Runtime      # DAGs    # Errors  Last Runtime    Last Run
---------------------------------------  -----  ---------  --------  ----------  --------------  -------------------
/opt/airflow/dags/pythonAirflowMSSQL.py                           1           0  1.73s           2022-11-16T15:27:58
================================================================================
[2022-11-16 15:28:43,205] {manager.py:806} INFO - 
================================================================================
DAG File Processing Stats

File Path                                PID    Runtime      # DAGs    # Errors  Last Runtime    Last Run
---------------------------------------  -----  ---------  --------  ----------  --------------  -------------------
/opt/airflow/dags/pythonAirflowMSSQL.py                           1           0  1.01s           2022-11-16T15:28:30
================================================================================
[2022-11-16 15:29:13,324] {manager.py:806} INFO - 
================================================================================
DAG File Processing Stats

File Path                                PID    Runtime      # DAGs    # Errors  Last Runtime    Last Run
---------------------------------------  -----  ---------  --------  ----------  --------------  -------------------
/opt/airflow/dags/pythonAirflowMSSQL.py                           1           0  1.26s           2022-11-16T15:29:01
================================================================================
[2022-11-16 15:29:43,404] {manager.py:806} INFO - 
================================================================================
DAG File Processing Stats

File Path                                PID    Runtime      # DAGs    # Errors  Last Runtime    Last Run
---------------------------------------  -----  ---------  --------  ----------  --------------  -------------------
/opt/airflow/dags/pythonAirflowMSSQL.py                           1           0  2.77s           2022-11-16T15:29:23
================================================================================
[2022-11-16 15:29:53,446] {manager.py:687} INFO - Searching for files in /opt/airflow/dags
[2022-11-16 15:29:53,486] {manager.py:690} INFO - There are 1 files in /opt/airflow/dags
[2022-11-16 15:30:13,579] {manager.py:806} INFO - 
================================================================================
DAG File Processing Stats

File Path                                PID    Runtime      # DAGs    # Errors  Last Runtime    Last Run
---------------------------------------  -----  ---------  --------  ----------  --------------  -------------------
/opt/airflow/dags/pythonAirflowMSSQL.py                           1           0  7.74s           2022-11-16T15:30:01
================================================================================
[2022-11-16 15:30:43,730] {manager.py:806} INFO - 
================================================================================
DAG File Processing Stats

File Path                                PID    Runtime      # DAGs    # Errors  Last Runtime    Last Run
---------------------------------------  -----  ---------  --------  ----------  --------------  -------------------
/opt/airflow/dags/pythonAirflowMSSQL.py                           1           0  3.28s           2022-11-16T15:30:34
================================================================================
[2022-11-16 15:31:13,848] {manager.py:806} INFO - 
================================================================================
DAG File Processing Stats

File Path                                PID    Runtime      # DAGs    # Errors  Last Runtime    Last Run
---------------------------------------  -----  ---------  --------  ----------  --------------  -------------------
/opt/airflow/dags/pythonAirflowMSSQL.py                           1           0  0.84s           2022-11-16T15:31:05
================================================================================
[2022-11-16 15:31:44,036] {manager.py:806} INFO - 
================================================================================
DAG File Processing Stats

File Path                                PID    Runtime      # DAGs    # Errors  Last Runtime    Last Run
---------------------------------------  -----  ---------  --------  ----------  --------------  -------------------
/opt/airflow/dags/pythonAirflowMSSQL.py                           1           0  1.82s           2022-11-16T15:31:37
================================================================================
[2022-11-16 15:32:14,101] {manager.py:806} INFO - 
================================================================================
DAG File Processing Stats

File Path                                PID    Runtime      # DAGs    # Errors  Last Runtime    Last Run
---------------------------------------  -----  ---------  --------  ----------  --------------  -------------------
/opt/airflow/dags/pythonAirflowMSSQL.py                           1           0  4.84s           2022-11-16T15:32:12
================================================================================
[2022-11-16 15:32:44,243] {manager.py:806} INFO - 
================================================================================
DAG File Processing Stats

File Path                                PID    Runtime      # DAGs    # Errors  Last Runtime    Last Run
---------------------------------------  -----  ---------  --------  ----------  --------------  -------------------
/opt/airflow/dags/pythonAirflowMSSQL.py                           1           0  0.89s           2022-11-16T15:32:43
================================================================================
[2022-11-16 15:33:14,679] {manager.py:806} INFO - 
================================================================================
DAG File Processing Stats

File Path                                  PID  Runtime      # DAGs    # Errors  Last Runtime    Last Run
---------------------------------------  -----  ---------  --------  ----------  --------------  -------------------
/opt/airflow/dags/pythonAirflowMSSQL.py   1707  0.47s             1           0  0.89s           2022-11-16T15:32:43
================================================================================
[2022-11-16 15:33:44,972] {manager.py:806} INFO - 
================================================================================
DAG File Processing Stats

File Path                                PID    Runtime      # DAGs    # Errors  Last Runtime    Last Run
---------------------------------------  -----  ---------  --------  ----------  --------------  -------------------
/opt/airflow/dags/pythonAirflowMSSQL.py                           1           0  6.73s           2022-11-16T15:33:20
================================================================================
[2022-11-16 15:34:15,407] {manager.py:806} INFO - 
================================================================================
DAG File Processing Stats

File Path                                PID    Runtime      # DAGs    # Errors  Last Runtime    Last Run
---------------------------------------  -----  ---------  --------  ----------  --------------  -------------------
/opt/airflow/dags/pythonAirflowMSSQL.py                           1           0  8.22s           2022-11-16T15:33:59
================================================================================
[2022-11-16 15:34:45,787] {manager.py:806} INFO - 
================================================================================
DAG File Processing Stats

File Path                                PID    Runtime      # DAGs    # Errors  Last Runtime    Last Run
---------------------------------------  -----  ---------  --------  ----------  --------------  -------------------
/opt/airflow/dags/pythonAirflowMSSQL.py                           1           0  6.40s           2022-11-16T15:34:35
================================================================================
[2022-11-16 15:34:53,820] {manager.py:687} INFO - Searching for files in /opt/airflow/dags
[2022-11-16 15:34:53,852] {manager.py:690} INFO - There are 1 files in /opt/airflow/dags
[2022-11-16 15:35:16,092] {manager.py:806} INFO - 
================================================================================
DAG File Processing Stats

File Path                                PID    Runtime      # DAGs    # Errors  Last Runtime    Last Run
---------------------------------------  -----  ---------  --------  ----------  --------------  -------------------
/opt/airflow/dags/pythonAirflowMSSQL.py                           1           0  1.55s           2022-11-16T15:35:13
================================================================================
[2022-11-16 15:35:46,543] {manager.py:806} INFO - 
================================================================================
DAG File Processing Stats

File Path                                PID    Runtime      # DAGs    # Errors  Last Runtime    Last Run
---------------------------------------  -----  ---------  --------  ----------  --------------  -------------------
/opt/airflow/dags/pythonAirflowMSSQL.py                           1           0  3.15s           2022-11-16T15:35:46
================================================================================
[2022-11-16 15:36:16,810] {manager.py:806} INFO - 
================================================================================
DAG File Processing Stats

File Path                                  PID  Runtime      # DAGs    # Errors  Last Runtime    Last Run
---------------------------------------  -----  ---------  --------  ----------  --------------  -------------------
/opt/airflow/dags/pythonAirflowMSSQL.py   1835  0.01s             1           0  3.15s           2022-11-16T15:35:46
================================================================================
[2022-11-16 15:36:47,210] {manager.py:806} INFO - 
================================================================================
DAG File Processing Stats

File Path                                PID    Runtime      # DAGs    # Errors  Last Runtime    Last Run
---------------------------------------  -----  ---------  --------  ----------  --------------  -------------------
/opt/airflow/dags/pythonAirflowMSSQL.py                           1           0  2.52s           2022-11-16T15:36:19
================================================================================
[2022-11-16 15:37:17,768] {manager.py:806} INFO - 
================================================================================
DAG File Processing Stats

File Path                                PID    Runtime      # DAGs    # Errors  Last Runtime    Last Run
---------------------------------------  -----  ---------  --------  ----------  --------------  -------------------
/opt/airflow/dags/pythonAirflowMSSQL.py                           1           0  0.89s           2022-11-16T15:36:50
================================================================================
[2022-11-16 15:37:48,192] {manager.py:806} INFO - 
================================================================================
DAG File Processing Stats

File Path                                PID    Runtime      # DAGs    # Errors  Last Runtime    Last Run
---------------------------------------  -----  ---------  --------  ----------  --------------  -------------------
/opt/airflow/dags/pythonAirflowMSSQL.py                           1           0  9.79s           2022-11-16T15:37:30
================================================================================
[2022-11-16 15:38:19,287] {manager.py:806} INFO - 
================================================================================
DAG File Processing Stats

File Path                                  PID  Runtime      # DAGs    # Errors  Last Runtime    Last Run
---------------------------------------  -----  ---------  --------  ----------  --------------  -------------------
/opt/airflow/dags/pythonAirflowMSSQL.py   1907  2.49s             1           0  7.33s           2022-11-16T15:38:08
================================================================================
[2022-11-16 15:38:49,812] {manager.py:806} INFO - 
================================================================================
DAG File Processing Stats

File Path                                PID    Runtime      # DAGs    # Errors  Last Runtime    Last Run
---------------------------------------  -----  ---------  --------  ----------  --------------  -------------------
/opt/airflow/dags/pythonAirflowMSSQL.py                           1           0  5.56s           2022-11-16T15:38:22
================================================================================
[2022-11-16 15:39:20,091] {manager.py:806} INFO - 
================================================================================
DAG File Processing Stats

File Path                                PID    Runtime      # DAGs    # Errors  Last Runtime    Last Run
---------------------------------------  -----  ---------  --------  ----------  --------------  -------------------
/opt/airflow/dags/pythonAirflowMSSQL.py                           1           0  6.74s           2022-11-16T15:38:59
================================================================================
[2022-11-16 15:39:50,233] {manager.py:806} INFO - 
================================================================================
DAG File Processing Stats

File Path                                PID    Runtime      # DAGs    # Errors  Last Runtime    Last Run
---------------------------------------  -----  ---------  --------  ----------  --------------  -------------------
/opt/airflow/dags/pythonAirflowMSSQL.py                           1           0  6.46s           2022-11-16T15:39:37
================================================================================
[2022-11-16 15:39:54,025] {manager.py:687} INFO - Searching for files in /opt/airflow/dags
[2022-11-16 15:39:54,093] {manager.py:690} INFO - There are 1 files in /opt/airflow/dags
[2022-11-16 15:40:20,467] {manager.py:806} INFO - 
================================================================================
DAG File Processing Stats

File Path                                PID    Runtime      # DAGs    # Errors  Last Runtime    Last Run
---------------------------------------  -----  ---------  --------  ----------  --------------  -------------------
/opt/airflow/dags/pythonAirflowMSSQL.py                           1           0  2.25s           2022-11-16T15:40:09
================================================================================
[2022-11-16 15:40:50,877] {manager.py:806} INFO - 
================================================================================
DAG File Processing Stats

File Path                                PID    Runtime      # DAGs    # Errors  Last Runtime    Last Run
---------------------------------------  -----  ---------  --------  ----------  --------------  -------------------
/opt/airflow/dags/pythonAirflowMSSQL.py                           1           0  1.51s           2022-11-16T15:40:41
================================================================================
[2022-11-16 15:41:21,104] {manager.py:806} INFO - 
================================================================================
DAG File Processing Stats

File Path                                PID    Runtime      # DAGs    # Errors  Last Runtime    Last Run
---------------------------------------  -----  ---------  --------  ----------  --------------  -------------------
/opt/airflow/dags/pythonAirflowMSSQL.py                           1           0  1.76s           2022-11-16T15:41:13
================================================================================
[2022-11-16 15:41:51,418] {manager.py:806} INFO - 
================================================================================
DAG File Processing Stats

File Path                                PID    Runtime      # DAGs    # Errors  Last Runtime    Last Run
---------------------------------------  -----  ---------  --------  ----------  --------------  -------------------
/opt/airflow/dags/pythonAirflowMSSQL.py                           1           0  1.34s           2022-11-16T15:41:44
================================================================================
[2022-11-16 15:42:21,574] {manager.py:806} INFO - 
================================================================================
DAG File Processing Stats

File Path                                PID    Runtime      # DAGs    # Errors  Last Runtime    Last Run
---------------------------------------  -----  ---------  --------  ----------  --------------  -------------------
/opt/airflow/dags/pythonAirflowMSSQL.py                           1           0  0.94s           2022-11-16T15:42:15
================================================================================
[2022-11-16 15:42:52,009] {manager.py:806} INFO - 
================================================================================
DAG File Processing Stats

File Path                                  PID  Runtime      # DAGs    # Errors  Last Runtime    Last Run
---------------------------------------  -----  ---------  --------  ----------  --------------  -------------------
/opt/airflow/dags/pythonAirflowMSSQL.py   2080  5.87s             1           0  0.94s           2022-11-16T15:42:15
================================================================================
[2022-11-16 15:43:22,980] {manager.py:806} INFO - 
================================================================================
DAG File Processing Stats

File Path                                PID    Runtime      # DAGs    # Errors  Last Runtime    Last Run
---------------------------------------  -----  ---------  --------  ----------  --------------  -------------------
/opt/airflow/dags/pythonAirflowMSSQL.py                           1           0  9.48s           2022-11-16T15:42:55
================================================================================
[2022-11-16 15:43:45,191] {manager.py:458} INFO - Exiting gracefully upon receiving signal 15
[2022-11-16 16:01:30,859] {manager.py:477} INFO - Processing files using up to 2 processes at a time 
[2022-11-16 16:01:30,870] {manager.py:478} INFO - Process each file at most once every 30 seconds
[2022-11-16 16:01:30,873] {manager.py:480} INFO - Checking for new files in /opt/airflow/dags every 300 seconds
[2022-11-16 16:01:30,874] {manager.py:687} INFO - Searching for files in /opt/airflow/dags
[2022-11-16 16:01:31,269] {manager.py:690} INFO - There are 1 files in /opt/airflow/dags
[2022-11-16 16:01:32,478] {manager.py:806} INFO - 
================================================================================
DAG File Processing Stats

File Path                                  PID  Runtime      # DAGs    # Errors  Last Runtime    Last Run
---------------------------------------  -----  ---------  --------  ----------  --------------  ----------
/opt/airflow/dags/pythonAirflowMSSQL.py     96  0.32s             0           0
================================================================================
[2022-11-16 16:02:02,884] {manager.py:806} INFO - 
================================================================================
DAG File Processing Stats

File Path                                  PID  Runtime      # DAGs    # Errors  Last Runtime    Last Run
---------------------------------------  -----  ---------  --------  ----------  --------------  ----------
/opt/airflow/dags/pythonAirflowMSSQL.py     96  30.87s            0           0
================================================================================
[2022-11-16 16:02:34,451] {manager.py:806} INFO - 
================================================================================
DAG File Processing Stats

File Path                                PID    Runtime      # DAGs    # Errors  Last Runtime    Last Run
---------------------------------------  -----  ---------  --------  ----------  --------------  -------------------
/opt/airflow/dags/pythonAirflowMSSQL.py                           1           0  34.98s          2022-11-16T16:02:06
================================================================================
[2022-11-16 16:03:05,912] {manager.py:806} INFO - 
================================================================================
DAG File Processing Stats

File Path                                  PID  Runtime      # DAGs    # Errors  Last Runtime    Last Run
---------------------------------------  -----  ---------  --------  ----------  --------------  -------------------
/opt/airflow/dags/pythonAirflowMSSQL.py    125  27.75s            1           0  34.98s          2022-11-16T16:02:06
================================================================================
[2022-11-16 16:03:27,779] {manager.py:1079} ERROR - Processor for /opt/airflow/dags/pythonAirflowMSSQL.py with PID 125 started at 2022-11-16T16:02:37.370585+00:00 has timed out, killing it.
[2022-11-16 16:03:36,770] {manager.py:806} INFO - 
================================================================================
DAG File Processing Stats

File Path                                  PID  Runtime      # DAGs    # Errors  Last Runtime    Last Run
---------------------------------------  -----  ---------  --------  ----------  --------------  -------------------
/opt/airflow/dags/pythonAirflowMSSQL.py    146  8.17s             1           0  34.98s          2022-11-16T16:02:06
================================================================================
[2022-11-16 16:04:07,233] {manager.py:806} INFO - 
================================================================================
DAG File Processing Stats

File Path                                PID    Runtime      # DAGs    # Errors  Last Runtime    Last Run
---------------------------------------  -----  ---------  --------  ----------  --------------  -------------------
/opt/airflow/dags/pythonAirflowMSSQL.py                           1           0  33.68s          2022-11-16T16:04:02
================================================================================
[2022-11-16 16:04:37,219] {manager.py:806} INFO - 
================================================================================
DAG File Processing Stats

File Path                                PID    Runtime      # DAGs    # Errors  Last Runtime    Last Run
---------------------------------------  -----  ---------  --------  ----------  --------------  -------------------
/opt/airflow/dags/pythonAirflowMSSQL.py                           1           0  1.60s           2022-11-16T16:04:34
================================================================================
[2022-11-16 16:05:07,403] {manager.py:806} INFO - 
================================================================================
DAG File Processing Stats

File Path                                PID    Runtime      # DAGs    # Errors  Last Runtime    Last Run
---------------------------------------  -----  ---------  --------  ----------  --------------  -------------------
/opt/airflow/dags/pythonAirflowMSSQL.py                           1           0  0.79s           2022-11-16T16:05:05
================================================================================
[2022-11-16 16:05:37,921] {manager.py:806} INFO - 
================================================================================
DAG File Processing Stats

File Path                                PID    Runtime      # DAGs    # Errors  Last Runtime    Last Run
---------------------------------------  -----  ---------  --------  ----------  --------------  -------------------
/opt/airflow/dags/pythonAirflowMSSQL.py                           1           0  0.62s           2022-11-16T16:05:36
================================================================================
[2022-11-16 16:06:08,275] {manager.py:806} INFO - 
================================================================================
DAG File Processing Stats

File Path                                  PID  Runtime      # DAGs    # Errors  Last Runtime    Last Run
---------------------------------------  -----  ---------  --------  ----------  --------------  -------------------
/opt/airflow/dags/pythonAirflowMSSQL.py    254  1.79s             1           0  0.62s           2022-11-16T16:05:36
================================================================================
[2022-11-16 16:06:31,731] {manager.py:687} INFO - Searching for files in /opt/airflow/dags
[2022-11-16 16:06:32,138] {manager.py:690} INFO - There are 1 files in /opt/airflow/dags
[2022-11-16 16:06:39,163] {manager.py:806} INFO - 
================================================================================
DAG File Processing Stats

File Path                                PID    Runtime      # DAGs    # Errors  Last Runtime    Last Run
---------------------------------------  -----  ---------  --------  ----------  --------------  -------------------
/opt/airflow/dags/pythonAirflowMSSQL.py                           1           0  4.08s           2022-11-16T16:06:10
================================================================================
[2022-11-16 16:07:09,365] {manager.py:806} INFO - 
================================================================================
DAG File Processing Stats

File Path                                PID    Runtime      # DAGs    # Errors  Last Runtime    Last Run
---------------------------------------  -----  ---------  --------  ----------  --------------  -------------------
/opt/airflow/dags/pythonAirflowMSSQL.py                           1           0  8.94s           2022-11-16T16:06:50
================================================================================
[2022-11-16 16:07:39,466] {manager.py:806} INFO - 
================================================================================
DAG File Processing Stats

File Path                                PID    Runtime      # DAGs    # Errors  Last Runtime    Last Run
---------------------------------------  -----  ---------  --------  ----------  --------------  -------------------
/opt/airflow/dags/pythonAirflowMSSQL.py                           1           0  2.40s           2022-11-16T16:07:22
================================================================================
[2022-11-16 16:08:09,956] {manager.py:806} INFO - 
================================================================================
DAG File Processing Stats

File Path                                PID    Runtime      # DAGs    # Errors  Last Runtime    Last Run
---------------------------------------  -----  ---------  --------  ----------  --------------  -------------------
/opt/airflow/dags/pythonAirflowMSSQL.py                           1           0  13.25s          2022-11-16T16:08:06
================================================================================
[2022-11-16 16:08:40,460] {manager.py:806} INFO - 
================================================================================
DAG File Processing Stats

File Path                                  PID  Runtime      # DAGs    # Errors  Last Runtime    Last Run
---------------------------------------  -----  ---------  --------  ----------  --------------  -------------------
/opt/airflow/dags/pythonAirflowMSSQL.py    337  2.71s             1           0  13.25s          2022-11-16T16:08:06
================================================================================
[2022-11-16 16:09:11,325] {manager.py:806} INFO - 
================================================================================
DAG File Processing Stats

File Path                                PID    Runtime      # DAGs    # Errors  Last Runtime    Last Run
---------------------------------------  -----  ---------  --------  ----------  --------------  -------------------
/opt/airflow/dags/pythonAirflowMSSQL.py                           1           0  9.17s           2022-11-16T16:08:46
================================================================================
[2022-11-16 16:09:41,480] {manager.py:806} INFO - 
================================================================================
DAG File Processing Stats

File Path                                PID    Runtime      # DAGs    # Errors  Last Runtime    Last Run
---------------------------------------  -----  ---------  --------  ----------  --------------  -------------------
/opt/airflow/dags/pythonAirflowMSSQL.py                           1           0  1.72s           2022-11-16T16:09:18
================================================================================
[2022-11-16 16:10:11,664] {manager.py:806} INFO - 
================================================================================
DAG File Processing Stats

File Path                                PID    Runtime      # DAGs    # Errors  Last Runtime    Last Run
---------------------------------------  -----  ---------  --------  ----------  --------------  -------------------
/opt/airflow/dags/pythonAirflowMSSQL.py                           1           0  7.70s           2022-11-16T16:09:57
================================================================================
[2022-11-16 16:10:41,973] {manager.py:806} INFO - 
================================================================================
DAG File Processing Stats

File Path                                PID    Runtime      # DAGs    # Errors  Last Runtime    Last Run
---------------------------------------  -----  ---------  --------  ----------  --------------  -------------------
/opt/airflow/dags/pythonAirflowMSSQL.py                           1           0  5.68s           2022-11-16T16:10:33
================================================================================
[2022-11-16 16:11:12,233] {manager.py:806} INFO - 
================================================================================
DAG File Processing Stats

File Path                                PID    Runtime      # DAGs    # Errors  Last Runtime    Last Run
---------------------------------------  -----  ---------  --------  ----------  --------------  -------------------
/opt/airflow/dags/pythonAirflowMSSQL.py                           1           0  1.45s           2022-11-16T16:11:05
================================================================================
[2022-11-16 16:11:31,945] {manager.py:687} INFO - Searching for files in /opt/airflow/dags
[2022-11-16 16:11:32,295] {manager.py:690} INFO - There are 1 files in /opt/airflow/dags
[2022-11-16 16:11:42,776] {manager.py:806} INFO - 
================================================================================
DAG File Processing Stats

File Path                                PID    Runtime      # DAGs    # Errors  Last Runtime    Last Run
---------------------------------------  -----  ---------  --------  ----------  --------------  -------------------
/opt/airflow/dags/pythonAirflowMSSQL.py                           1           0  1.57s           2022-11-16T16:11:37
================================================================================
[2022-11-16 16:12:13,450] {manager.py:806} INFO - 
================================================================================
DAG File Processing Stats

File Path                                PID    Runtime      # DAGs    # Errors  Last Runtime    Last Run
---------------------------------------  -----  ---------  --------  ----------  --------------  -------------------
/opt/airflow/dags/pythonAirflowMSSQL.py                           1           0  1.26s           2022-11-16T16:12:09
================================================================================
[2022-11-16 16:12:44,380] {manager.py:806} INFO - 
================================================================================
DAG File Processing Stats

File Path                                  PID  Runtime      # DAGs    # Errors  Last Runtime    Last Run
---------------------------------------  -----  ---------  --------  ----------  --------------  -------------------
/opt/airflow/dags/pythonAirflowMSSQL.py    475  4.19s             1           0  1.26s           2022-11-16T16:12:09
================================================================================
[2022-11-16 16:13:14,872] {manager.py:806} INFO - 
================================================================================
DAG File Processing Stats

File Path                                PID    Runtime      # DAGs    # Errors  Last Runtime    Last Run
---------------------------------------  -----  ---------  --------  ----------  --------------  -------------------
/opt/airflow/dags/pythonAirflowMSSQL.py                           1           0  5.13s           2022-11-16T16:12:45
================================================================================
[2022-11-16 16:13:45,176] {manager.py:806} INFO - 
================================================================================
DAG File Processing Stats

File Path                                PID    Runtime      # DAGs    # Errors  Last Runtime    Last Run
---------------------------------------  -----  ---------  --------  ----------  --------------  -------------------
/opt/airflow/dags/pythonAirflowMSSQL.py                           1           0  1.29s           2022-11-16T16:13:17
================================================================================
[2022-11-16 16:14:15,374] {manager.py:806} INFO - 
================================================================================
DAG File Processing Stats

File Path                                PID    Runtime      # DAGs    # Errors  Last Runtime    Last Run
---------------------------------------  -----  ---------  --------  ----------  --------------  -------------------
/opt/airflow/dags/pythonAirflowMSSQL.py                           1           0  0.97s           2022-11-16T16:13:48
================================================================================
[2022-11-16 16:14:45,953] {manager.py:806} INFO - 
================================================================================
DAG File Processing Stats

File Path                                PID    Runtime      # DAGs    # Errors  Last Runtime    Last Run
---------------------------------------  -----  ---------  --------  ----------  --------------  -------------------
/opt/airflow/dags/pythonAirflowMSSQL.py                           1           0  1.31s           2022-11-16T16:14:19
================================================================================
[2022-11-16 16:15:16,021] {manager.py:806} INFO - 
================================================================================
DAG File Processing Stats

File Path                                PID    Runtime      # DAGs    # Errors  Last Runtime    Last Run
---------------------------------------  -----  ---------  --------  ----------  --------------  -------------------
/opt/airflow/dags/pythonAirflowMSSQL.py                           1           0  8.30s           2022-11-16T16:14:58
================================================================================
[2022-11-16 16:15:46,951] {manager.py:806} INFO - 
================================================================================
DAG File Processing Stats

File Path                                PID    Runtime      # DAGs    # Errors  Last Runtime    Last Run
---------------------------------------  -----  ---------  --------  ----------  --------------  -------------------
/opt/airflow/dags/pythonAirflowMSSQL.py                           1           0  5.84s           2022-11-16T16:15:34
================================================================================
[2022-11-16 16:16:17,509] {manager.py:806} INFO - 
================================================================================
DAG File Processing Stats

File Path                                PID    Runtime      # DAGs    # Errors  Last Runtime    Last Run
---------------------------------------  -----  ---------  --------  ----------  --------------  -------------------
/opt/airflow/dags/pythonAirflowMSSQL.py                           1           0  4.34s           2022-11-16T16:16:09
================================================================================
[2022-11-16 16:16:32,178] {manager.py:687} INFO - Searching for files in /opt/airflow/dags
[2022-11-16 16:16:32,316] {manager.py:690} INFO - There are 1 files in /opt/airflow/dags
[2022-11-16 16:16:47,593] {manager.py:806} INFO - 
================================================================================
DAG File Processing Stats

File Path                                PID    Runtime      # DAGs    # Errors  Last Runtime    Last Run
---------------------------------------  -----  ---------  --------  ----------  --------------  -------------------
/opt/airflow/dags/pythonAirflowMSSQL.py                           1           0  2.28s           2022-11-16T16:16:41
================================================================================
[2022-11-16 16:17:17,700] {manager.py:806} INFO - 
================================================================================
DAG File Processing Stats

File Path                                PID    Runtime      # DAGs    # Errors  Last Runtime    Last Run
---------------------------------------  -----  ---------  --------  ----------  --------------  -------------------
/opt/airflow/dags/pythonAirflowMSSQL.py                           1           0  1.72s           2022-11-16T16:17:13
================================================================================
[2022-11-16 16:17:47,839] {manager.py:806} INFO - 
================================================================================
DAG File Processing Stats

File Path                                PID    Runtime      # DAGs    # Errors  Last Runtime    Last Run
---------------------------------------  -----  ---------  --------  ----------  --------------  -------------------
/opt/airflow/dags/pythonAirflowMSSQL.py                           1           0  1.96s           2022-11-16T16:17:45
================================================================================
[2022-11-16 16:18:18,069] {manager.py:806} INFO - 
================================================================================
DAG File Processing Stats

File Path                                  PID  Runtime      # DAGs    # Errors  Last Runtime    Last Run
---------------------------------------  -----  ---------  --------  ----------  --------------  -------------------
/opt/airflow/dags/pythonAirflowMSSQL.py    679  2.02s             1           0  1.96s           2022-11-16T16:17:45
================================================================================
[2022-11-16 16:18:48,324] {manager.py:806} INFO - 
================================================================================
DAG File Processing Stats

File Path                                  PID  Runtime      # DAGs    # Errors  Last Runtime    Last Run
---------------------------------------  -----  ---------  --------  ----------  --------------  -------------------
/opt/airflow/dags/pythonAirflowMSSQL.py    710  0.05s             1           0  2.16s           2022-11-16T16:18:18
================================================================================
[2022-11-16 16:19:18,846] {manager.py:806} INFO - 
================================================================================
DAG File Processing Stats

File Path                                PID    Runtime      # DAGs    # Errors  Last Runtime    Last Run
---------------------------------------  -----  ---------  --------  ----------  --------------  -------------------
/opt/airflow/dags/pythonAirflowMSSQL.py                           1           0  2.48s           2022-11-16T16:18:50
================================================================================
[2022-11-16 16:19:49,235] {manager.py:806} INFO - 
================================================================================
DAG File Processing Stats

File Path                                PID    Runtime      # DAGs    # Errors  Last Runtime    Last Run
---------------------------------------  -----  ---------  --------  ----------  --------------  -------------------
/opt/airflow/dags/pythonAirflowMSSQL.py                           1           0  2.19s           2022-11-16T16:19:23
================================================================================
[2022-11-16 16:20:19,460] {manager.py:806} INFO - 
================================================================================
DAG File Processing Stats

File Path                                PID    Runtime      # DAGs    # Errors  Last Runtime    Last Run
---------------------------------------  -----  ---------  --------  ----------  --------------  -------------------
/opt/airflow/dags/pythonAirflowMSSQL.py                           1           0  1.84s           2022-11-16T16:19:55
================================================================================
[2022-11-16 16:20:49,589] {manager.py:806} INFO - 
================================================================================
DAG File Processing Stats

File Path                                PID    Runtime      # DAGs    # Errors  Last Runtime    Last Run
---------------------------------------  -----  ---------  --------  ----------  --------------  -------------------
/opt/airflow/dags/pythonAirflowMSSQL.py                           1           0  0.92s           2022-11-16T16:20:26
================================================================================
[2022-11-16 16:21:19,728] {manager.py:806} INFO - 
================================================================================
DAG File Processing Stats

File Path                                PID    Runtime      # DAGs    # Errors  Last Runtime    Last Run
---------------------------------------  -----  ---------  --------  ----------  --------------  -------------------
/opt/airflow/dags/pythonAirflowMSSQL.py                           1           0  0.90s           2022-11-16T16:20:57
================================================================================
[2022-11-16 16:21:32,480] {manager.py:687} INFO - Searching for files in /opt/airflow/dags
[2022-11-16 16:21:32,644] {manager.py:690} INFO - There are 1 files in /opt/airflow/dags
[2022-11-16 16:21:49,977] {manager.py:806} INFO - 
================================================================================
DAG File Processing Stats

File Path                                PID    Runtime      # DAGs    # Errors  Last Runtime    Last Run
---------------------------------------  -----  ---------  --------  ----------  --------------  -------------------
/opt/airflow/dags/pythonAirflowMSSQL.py                           1           0  3.20s           2022-11-16T16:21:30
================================================================================
[2022-11-16 16:22:20,024] {manager.py:806} INFO - 
================================================================================
DAG File Processing Stats

File Path                                PID    Runtime      # DAGs    # Errors  Last Runtime    Last Run
---------------------------------------  -----  ---------  --------  ----------  --------------  -------------------
/opt/airflow/dags/pythonAirflowMSSQL.py                           1           0  3.69s           2022-11-16T16:22:04
================================================================================
[2022-11-16 16:22:50,240] {manager.py:806} INFO - 
================================================================================
DAG File Processing Stats

File Path                                PID    Runtime      # DAGs    # Errors  Last Runtime    Last Run
---------------------------------------  -----  ---------  --------  ----------  --------------  -------------------
/opt/airflow/dags/pythonAirflowMSSQL.py                           1           0  1.87s           2022-11-16T16:22:37
================================================================================
[2022-11-16 16:23:20,526] {manager.py:806} INFO - 
================================================================================
DAG File Processing Stats

File Path                                PID    Runtime      # DAGs    # Errors  Last Runtime    Last Run
---------------------------------------  -----  ---------  --------  ----------  --------------  -------------------
/opt/airflow/dags/pythonAirflowMSSQL.py                           1           0  1.31s           2022-11-16T16:23:08
================================================================================
[2022-11-16 16:23:50,909] {manager.py:806} INFO - 
================================================================================
DAG File Processing Stats

File Path                                PID    Runtime      # DAGs    # Errors  Last Runtime    Last Run
---------------------------------------  -----  ---------  --------  ----------  --------------  -------------------
/opt/airflow/dags/pythonAirflowMSSQL.py                           1           0  6.11s           2022-11-16T16:23:45
================================================================================
[2022-11-16 16:24:21,241] {manager.py:806} INFO - 
================================================================================
DAG File Processing Stats

File Path                                PID    Runtime      # DAGs    # Errors  Last Runtime    Last Run
---------------------------------------  -----  ---------  --------  ----------  --------------  -------------------
/opt/airflow/dags/pythonAirflowMSSQL.py                           1           0  2.29s           2022-11-16T16:24:17
================================================================================
[2022-11-16 16:24:51,537] {manager.py:806} INFO - 
================================================================================
DAG File Processing Stats

File Path                                PID    Runtime      # DAGs    # Errors  Last Runtime    Last Run
---------------------------------------  -----  ---------  --------  ----------  --------------  -------------------
/opt/airflow/dags/pythonAirflowMSSQL.py                           1           0  1.12s           2022-11-16T16:24:48
================================================================================
[2022-11-16 16:25:21,827] {manager.py:806} INFO - 
================================================================================
DAG File Processing Stats

File Path                                PID    Runtime      # DAGs    # Errors  Last Runtime    Last Run
---------------------------------------  -----  ---------  --------  ----------  --------------  -------------------
/opt/airflow/dags/pythonAirflowMSSQL.py                           1           0  0.65s           2022-11-16T16:25:19
================================================================================
[2022-11-16 16:25:22,459] {manager.py:458} INFO - Exiting gracefully upon receiving signal 15
[2022-11-16 18:00:25,550] {manager.py:477} INFO - Processing files using up to 2 processes at a time 
[2022-11-16 18:00:25,551] {manager.py:478} INFO - Process each file at most once every 30 seconds
[2022-11-16 18:00:25,552] {manager.py:480} INFO - Checking for new files in /opt/airflow/dags every 300 seconds
[2022-11-16 18:00:25,553] {manager.py:687} INFO - Searching for files in /opt/airflow/dags
[2022-11-16 18:00:25,732] {manager.py:690} INFO - There are 1 files in /opt/airflow/dags
[2022-11-16 18:00:26,173] {manager.py:806} INFO - 
================================================================================
DAG File Processing Stats

File Path                                  PID  Runtime      # DAGs    # Errors  Last Runtime    Last Run
---------------------------------------  -----  ---------  --------  ----------  --------------  ----------
/opt/airflow/dags/pythonAirflowMSSQL.py     59  0.16s             0           0
================================================================================
[2022-11-16 18:00:56,366] {manager.py:806} INFO - 
================================================================================
DAG File Processing Stats

File Path                                PID    Runtime      # DAGs    # Errors  Last Runtime    Last Run
---------------------------------------  -----  ---------  --------  ----------  --------------  -------------------
/opt/airflow/dags/pythonAirflowMSSQL.py                           1           0  2.68s           2022-11-16T18:00:28
================================================================================
[2022-11-16 18:01:26,711] {manager.py:806} INFO - 
================================================================================
DAG File Processing Stats

File Path                                PID    Runtime      # DAGs    # Errors  Last Runtime    Last Run
---------------------------------------  -----  ---------  --------  ----------  --------------  -------------------
/opt/airflow/dags/pythonAirflowMSSQL.py                           1           0  2.74s           2022-11-16T18:01:01
================================================================================
[2022-11-16 18:01:56,795] {manager.py:806} INFO - 
================================================================================
DAG File Processing Stats

File Path                                PID    Runtime      # DAGs    # Errors  Last Runtime    Last Run
---------------------------------------  -----  ---------  --------  ----------  --------------  -------------------
/opt/airflow/dags/pythonAirflowMSSQL.py                           1           0  0.94s           2022-11-16T18:01:32
================================================================================
[2022-11-16 18:02:27,270] {manager.py:806} INFO - 
================================================================================
DAG File Processing Stats

File Path                                  PID  Runtime      # DAGs    # Errors  Last Runtime    Last Run
---------------------------------------  -----  ---------  --------  ----------  --------------  -------------------
/opt/airflow/dags/pythonAirflowMSSQL.py    139  1.62s             1           0  0.63s           2022-11-16T18:02:03
================================================================================
[2022-11-16 18:02:57,415] {manager.py:806} INFO - 
================================================================================
DAG File Processing Stats

File Path                                PID    Runtime      # DAGs    # Errors  Last Runtime    Last Run
---------------------------------------  -----  ---------  --------  ----------  --------------  -------------------
/opt/airflow/dags/pythonAirflowMSSQL.py                           1           0  2.94s           2022-11-16T18:02:28
================================================================================
[2022-11-16 18:03:27,838] {manager.py:806} INFO - 
================================================================================
DAG File Processing Stats

File Path                                PID    Runtime      # DAGs    # Errors  Last Runtime    Last Run
---------------------------------------  -----  ---------  --------  ----------  --------------  -------------------
/opt/airflow/dags/pythonAirflowMSSQL.py                           1           0  0.55s           2022-11-16T18:02:59
================================================================================
[2022-11-16 18:03:58,589] {manager.py:806} INFO - 
================================================================================
DAG File Processing Stats

File Path                                PID    Runtime      # DAGs    # Errors  Last Runtime    Last Run
---------------------------------------  -----  ---------  --------  ----------  --------------  -------------------
/opt/airflow/dags/pythonAirflowMSSQL.py                           1           0  1.04s           2022-11-16T18:03:30
================================================================================
[2022-11-16 18:04:26,052] {manager.py:458} INFO - Exiting gracefully upon receiving signal 15
[2022-11-20 11:35:00,882] {manager.py:477} INFO - Processing files using up to 2 processes at a time 
[2022-11-20 11:35:00,899] {manager.py:478} INFO - Process each file at most once every 30 seconds
[2022-11-20 11:35:00,903] {manager.py:480} INFO - Checking for new files in /opt/airflow/dags every 300 seconds
[2022-11-20 11:35:00,908] {manager.py:687} INFO - Searching for files in /opt/airflow/dags
[2022-11-20 11:35:02,170] {manager.py:690} INFO - There are 1 files in /opt/airflow/dags
[2022-11-20 11:35:02,529] {manager.py:806} INFO - 
================================================================================
DAG File Processing Stats

File Path                                  PID  Runtime      # DAGs    # Errors  Last Runtime    Last Run
---------------------------------------  -----  ---------  --------  ----------  --------------  ----------
/opt/airflow/dags/pythonAirflowMSSQL.py     75  0.10s             0           0
================================================================================
[2022-11-20 11:35:34,983] {manager.py:806} INFO - 
================================================================================
DAG File Processing Stats

File Path                                PID    Runtime      # DAGs    # Errors  Last Runtime    Last Run
---------------------------------------  -----  ---------  --------  ----------  --------------  -------------------
/opt/airflow/dags/pythonAirflowMSSQL.py                           1           0  20.01s          2022-11-20T11:35:22
================================================================================
[2022-11-20 11:36:05,256] {manager.py:806} INFO - 
================================================================================
DAG File Processing Stats

File Path                                  PID  Runtime      # DAGs    # Errors  Last Runtime    Last Run
---------------------------------------  -----  ---------  --------  ----------  --------------  -------------------
/opt/airflow/dags/pythonAirflowMSSQL.py     89  11.36s            1           0  20.01s          2022-11-20T11:35:22
================================================================================
[2022-11-20 11:36:26,948] {manager.py:458} INFO - Exiting gracefully upon receiving signal 15
[2022-11-23 10:17:30,453] {manager.py:477} INFO - Processing files using up to 2 processes at a time 
[2022-11-23 10:17:30,455] {manager.py:478} INFO - Process each file at most once every 30 seconds
[2022-11-23 10:17:30,455] {manager.py:480} INFO - Checking for new files in /opt/airflow/dags every 300 seconds
[2022-11-23 10:17:30,457] {manager.py:687} INFO - Searching for files in /opt/airflow/dags
[2022-11-23 10:17:30,538] {manager.py:690} INFO - There are 1 files in /opt/airflow/dags
[2022-11-23 10:17:30,854] {manager.py:806} INFO - 
================================================================================
DAG File Processing Stats

File Path                                  PID  Runtime      # DAGs    # Errors  Last Runtime    Last Run
---------------------------------------  -----  ---------  --------  ----------  --------------  ----------
/opt/airflow/dags/pythonAirflowMSSQL.py     76  0.08s             0           0
================================================================================
[2022-11-23 10:18:01,466] {manager.py:806} INFO - 
================================================================================
DAG File Processing Stats

File Path                                PID    Runtime      # DAGs    # Errors  Last Runtime    Last Run
---------------------------------------  -----  ---------  --------  ----------  --------------  -------------------
/opt/airflow/dags/pythonAirflowMSSQL.py                           1           0  7.22s           2022-11-23T10:17:37
================================================================================
[2022-11-23 10:18:35,999] {manager.py:806} INFO - 
================================================================================
DAG File Processing Stats

File Path                                  PID  Runtime      # DAGs    # Errors  Last Runtime    Last Run
---------------------------------------  -----  ---------  --------  ----------  --------------  -------------------
/opt/airflow/dags/pythonAirflowMSSQL.py     95  27.76s            1           0  7.22s           2022-11-23T10:17:37
================================================================================
[2022-11-23 10:18:47,385] {manager.py:458} INFO - Exiting gracefully upon receiving signal 15
