[2022-11-25 09:32:43,753] {taskinstance.py:1160} INFO - Dependencies all met for <TaskInstance: GFA_Data_Engineering_Exam_dag01_ETL_pipeline.start manual__2022-11-25T09:32:42.473992+00:00 [queued]>
[2022-11-25 09:32:43,777] {taskinstance.py:1160} INFO - Dependencies all met for <TaskInstance: GFA_Data_Engineering_Exam_dag01_ETL_pipeline.start manual__2022-11-25T09:32:42.473992+00:00 [queued]>
[2022-11-25 09:32:43,778] {taskinstance.py:1357} INFO - 
--------------------------------------------------------------------------------
[2022-11-25 09:32:43,780] {taskinstance.py:1358} INFO - Starting attempt 1 of 1
[2022-11-25 09:32:43,783] {taskinstance.py:1359} INFO - 
--------------------------------------------------------------------------------
[2022-11-25 09:32:43,814] {taskinstance.py:1378} INFO - Executing <Task(PythonOperator): start> on 2022-11-25 09:32:42.473992+00:00
[2022-11-25 09:32:43,823] {standard_task_runner.py:52} INFO - Started process 7132 to run task
[2022-11-25 09:32:43,831] {standard_task_runner.py:79} INFO - Running: ['***', 'tasks', 'run', 'GFA_Data_Engineering_Exam_dag01_ETL_pipeline', 'start', 'manual__2022-11-25T09:32:42.473992+00:00', '--job-id', '64', '--raw', '--subdir', 'DAGS_FOLDER/MichalisKaratsioris_dag01.py', '--cfg-path', '/tmp/tmpe4be1ijf', '--error-file', '/tmp/tmpig61t9kp']
[2022-11-25 09:32:43,833] {standard_task_runner.py:80} INFO - Job 64: Subtask start
[2022-11-25 09:32:43,939] {task_command.py:370} INFO - Running <TaskInstance: GFA_Data_Engineering_Exam_dag01_ETL_pipeline.start manual__2022-11-25T09:32:42.473992+00:00 [running]> on host c78bb2381ec5
[2022-11-25 09:32:44,079] {taskinstance.py:1572} INFO - Exporting the following env vars:
AIRFLOW_CTX_DAG_OWNER=***
AIRFLOW_CTX_DAG_ID=GFA_Data_Engineering_Exam_dag01_ETL_pipeline
AIRFLOW_CTX_TASK_ID=start
AIRFLOW_CTX_EXECUTION_DATE=2022-11-25T09:32:42.473992+00:00
AIRFLOW_CTX_TRY_NUMBER=1
AIRFLOW_CTX_DAG_RUN_ID=manual__2022-11-25T09:32:42.473992+00:00
[2022-11-25 09:32:44,081] {python.py:173} INFO - Done. Returned value was: Start of the work-flow!
[2022-11-25 09:32:44,116] {taskinstance.py:1401} INFO - Marking task as SUCCESS. dag_id=GFA_Data_Engineering_Exam_dag01_ETL_pipeline, task_id=start, execution_date=20221125T093242, start_date=20221125T093243, end_date=20221125T093244
[2022-11-25 09:32:44,162] {local_task_job.py:156} INFO - Task exited with return code 0
[2022-11-25 09:32:44,223] {local_task_job.py:273} INFO - 1 downstream tasks scheduled from follow-on schedule check
