[2022-11-16 15:29:26,097] {taskinstance.py:1160} INFO - Dependencies all met for <TaskInstance: MSSQL_connection.extract manual__2022-11-16T15:29:22.640075+00:00 [queued]>
[2022-11-16 15:29:26,128] {taskinstance.py:1160} INFO - Dependencies all met for <TaskInstance: MSSQL_connection.extract manual__2022-11-16T15:29:22.640075+00:00 [queued]>
[2022-11-16 15:29:26,130] {taskinstance.py:1357} INFO - 
--------------------------------------------------------------------------------
[2022-11-16 15:29:26,131] {taskinstance.py:1358} INFO - Starting attempt 1 of 1
[2022-11-16 15:29:26,132] {taskinstance.py:1359} INFO - 
--------------------------------------------------------------------------------
[2022-11-16 15:29:26,171] {taskinstance.py:1378} INFO - Executing <Task(PythonOperator): extract> on 2022-11-16 15:29:22.640075+00:00
[2022-11-16 15:29:26,188] {standard_task_runner.py:52} INFO - Started process 1463 to run task
[2022-11-16 15:29:26,198] {standard_task_runner.py:79} INFO - Running: ['***', 'tasks', 'run', 'MSSQL_connection', 'extract', 'manual__2022-11-16T15:29:22.640075+00:00', '--job-id', '22', '--raw', '--subdir', 'DAGS_FOLDER/pythonAirflowMSSQL.py', '--cfg-path', '/tmp/tmpprg022um', '--error-file', '/tmp/tmplvpx_vaq']
[2022-11-16 15:29:26,200] {standard_task_runner.py:80} INFO - Job 22: Subtask extract
[2022-11-16 15:29:26,381] {task_command.py:370} INFO - Running <TaskInstance: MSSQL_connection.extract manual__2022-11-16T15:29:22.640075+00:00 [running]> on host 5036e10e6c0b
[2022-11-16 15:29:26,931] {taskinstance.py:1572} INFO - Exporting the following env vars:
AIRFLOW_CTX_DAG_OWNER=***
AIRFLOW_CTX_DAG_ID=MSSQL_connection
AIRFLOW_CTX_TASK_ID=extract
AIRFLOW_CTX_EXECUTION_DATE=2022-11-16T15:29:22.640075+00:00
AIRFLOW_CTX_TRY_NUMBER=1
AIRFLOW_CTX_DAG_RUN_ID=manual__2022-11-16T15:29:22.640075+00:00
[2022-11-16 15:29:27,071] {base.py:68} INFO - Using connection ID '***_mssql' for task execution.
[2022-11-16 15:29:29,334] {python.py:173} INFO - Done. Returned value was: Data extraction complete: [(6, 'J6', '6'), (7, 'J7', '7'), (8, 'J8', '8'), (9, 'J9', '9')]
[2022-11-16 15:29:29,631] {taskinstance.py:1401} INFO - Marking task as SUCCESS. dag_id=MSSQL_connection, task_id=extract, execution_date=20221116T152922, start_date=20221116T152926, end_date=20221116T152929
[2022-11-16 15:29:30,023] {local_task_job.py:156} INFO - Task exited with return code 0
[2022-11-16 15:29:30,370] {local_task_job.py:273} INFO - 0 downstream tasks scheduled from follow-on schedule check
