[2022-11-25 10:23:42,199] {taskinstance.py:1160} INFO - Dependencies all met for <TaskInstance: GFA_Data_Engineering_Exam_dag02_ETL_pipeline_airports.start scheduled__2022-11-23T00:00:00+00:00 [queued]>
[2022-11-25 10:23:42,261] {taskinstance.py:1160} INFO - Dependencies all met for <TaskInstance: GFA_Data_Engineering_Exam_dag02_ETL_pipeline_airports.start scheduled__2022-11-23T00:00:00+00:00 [queued]>
[2022-11-25 10:23:42,263] {taskinstance.py:1357} INFO - 
--------------------------------------------------------------------------------
[2022-11-25 10:23:42,265] {taskinstance.py:1358} INFO - Starting attempt 1 of 1
[2022-11-25 10:23:42,266] {taskinstance.py:1359} INFO - 
--------------------------------------------------------------------------------
[2022-11-25 10:23:42,347] {taskinstance.py:1378} INFO - Executing <Task(PythonOperator): start> on 2022-11-23 00:00:00+00:00
[2022-11-25 10:23:42,374] {standard_task_runner.py:52} INFO - Started process 9249 to run task
[2022-11-25 10:23:42,394] {standard_task_runner.py:79} INFO - Running: ['***', 'tasks', 'run', 'GFA_Data_Engineering_Exam_dag02_ETL_pipeline_airports', 'start', 'scheduled__2022-11-23T00:00:00+00:00', '--job-id', '87', '--raw', '--subdir', 'DAGS_FOLDER/MichalisKaratsioris_dag02.py', '--cfg-path', '/tmp/tmp7sh7l88w', '--error-file', '/tmp/tmphtgwr0iy']
[2022-11-25 10:23:42,396] {standard_task_runner.py:80} INFO - Job 87: Subtask start
[2022-11-25 10:23:42,614] {task_command.py:370} INFO - Running <TaskInstance: GFA_Data_Engineering_Exam_dag02_ETL_pipeline_airports.start scheduled__2022-11-23T00:00:00+00:00 [running]> on host c78bb2381ec5
[2022-11-25 10:23:43,023] {taskinstance.py:1572} INFO - Exporting the following env vars:
AIRFLOW_CTX_DAG_OWNER=***
AIRFLOW_CTX_DAG_ID=GFA_Data_Engineering_Exam_dag02_ETL_pipeline_airports
AIRFLOW_CTX_TASK_ID=start
AIRFLOW_CTX_EXECUTION_DATE=2022-11-23T00:00:00+00:00
AIRFLOW_CTX_TRY_NUMBER=1
AIRFLOW_CTX_DAG_RUN_ID=scheduled__2022-11-23T00:00:00+00:00
[2022-11-25 10:23:43,028] {python.py:173} INFO - Done. Returned value was: Start of the work-flow!
[2022-11-25 10:23:43,087] {taskinstance.py:1401} INFO - Marking task as SUCCESS. dag_id=GFA_Data_Engineering_Exam_dag02_ETL_pipeline_airports, task_id=start, execution_date=20221123T000000, start_date=20221125T102342, end_date=20221125T102343
[2022-11-25 10:23:43,143] {local_task_job.py:156} INFO - Task exited with return code 0
[2022-11-25 10:23:43,351] {local_task_job.py:273} INFO - 1 downstream tasks scheduled from follow-on schedule check
