[2022-11-25 09:42:33,518] {taskinstance.py:1160} INFO - Dependencies all met for <TaskInstance: GFA_Data_Engineering_Exam_dag01_ETL_pipeline.start manual__2022-11-25T09:42:29.792011+00:00 [queued]>
[2022-11-25 09:42:33,553] {taskinstance.py:1160} INFO - Dependencies all met for <TaskInstance: GFA_Data_Engineering_Exam_dag01_ETL_pipeline.start manual__2022-11-25T09:42:29.792011+00:00 [queued]>
[2022-11-25 09:42:33,555] {taskinstance.py:1357} INFO - 
--------------------------------------------------------------------------------
[2022-11-25 09:42:33,558] {taskinstance.py:1358} INFO - Starting attempt 1 of 1
[2022-11-25 09:42:33,562] {taskinstance.py:1359} INFO - 
--------------------------------------------------------------------------------
[2022-11-25 09:42:33,608] {taskinstance.py:1378} INFO - Executing <Task(PythonOperator): start> on 2022-11-25 09:42:29.792011+00:00
[2022-11-25 09:42:33,640] {standard_task_runner.py:52} INFO - Started process 7591 to run task
[2022-11-25 09:42:33,653] {standard_task_runner.py:79} INFO - Running: ['***', 'tasks', 'run', 'GFA_Data_Engineering_Exam_dag01_ETL_pipeline', 'start', 'manual__2022-11-25T09:42:29.792011+00:00', '--job-id', '81', '--raw', '--subdir', 'DAGS_FOLDER/MichalisKaratsioris_dag01.py', '--cfg-path', '/tmp/tmpm06jpd45', '--error-file', '/tmp/tmpz2d36ltz']
[2022-11-25 09:42:33,655] {standard_task_runner.py:80} INFO - Job 81: Subtask start
[2022-11-25 09:42:33,905] {task_command.py:370} INFO - Running <TaskInstance: GFA_Data_Engineering_Exam_dag01_ETL_pipeline.start manual__2022-11-25T09:42:29.792011+00:00 [running]> on host c78bb2381ec5
[2022-11-25 09:42:36,174] {taskinstance.py:1572} INFO - Exporting the following env vars:
AIRFLOW_CTX_DAG_OWNER=***
AIRFLOW_CTX_DAG_ID=GFA_Data_Engineering_Exam_dag01_ETL_pipeline
AIRFLOW_CTX_TASK_ID=start
AIRFLOW_CTX_EXECUTION_DATE=2022-11-25T09:42:29.792011+00:00
AIRFLOW_CTX_TRY_NUMBER=1
AIRFLOW_CTX_DAG_RUN_ID=manual__2022-11-25T09:42:29.792011+00:00
[2022-11-25 09:42:36,186] {python.py:173} INFO - Done. Returned value was: Start of the work-flow!
[2022-11-25 09:42:36,407] {taskinstance.py:1401} INFO - Marking task as SUCCESS. dag_id=GFA_Data_Engineering_Exam_dag01_ETL_pipeline, task_id=start, execution_date=20221125T094229, start_date=20221125T094233, end_date=20221125T094236
[2022-11-25 09:42:36,573] {local_task_job.py:156} INFO - Task exited with return code 0
[2022-11-25 09:42:36,894] {local_task_job.py:273} INFO - 1 downstream tasks scheduled from follow-on schedule check
