[2022-11-25 09:27:30,445] {taskinstance.py:1160} INFO - Dependencies all met for <TaskInstance: GFA_Data_Engineering_Exam_dag01_ETL_pipeline.start scheduled__2022-11-22T00:00:00+00:00 [queued]>
[2022-11-25 09:27:30,507] {taskinstance.py:1160} INFO - Dependencies all met for <TaskInstance: GFA_Data_Engineering_Exam_dag01_ETL_pipeline.start scheduled__2022-11-22T00:00:00+00:00 [queued]>
[2022-11-25 09:27:30,508] {taskinstance.py:1357} INFO - 
--------------------------------------------------------------------------------
[2022-11-25 09:27:30,509] {taskinstance.py:1358} INFO - Starting attempt 1 of 1
[2022-11-25 09:27:30,510] {taskinstance.py:1359} INFO - 
--------------------------------------------------------------------------------
[2022-11-25 09:27:30,598] {taskinstance.py:1378} INFO - Executing <Task(PythonOperator): start> on 2022-11-22 00:00:00+00:00
[2022-11-25 09:27:30,719] {standard_task_runner.py:52} INFO - Started process 6845 to run task
[2022-11-25 09:27:30,740] {standard_task_runner.py:79} INFO - Running: ['***', 'tasks', 'run', 'GFA_Data_Engineering_Exam_dag01_ETL_pipeline', 'start', 'scheduled__2022-11-22T00:00:00+00:00', '--job-id', '44', '--raw', '--subdir', 'DAGS_FOLDER/MichalisKaratsioris_dag01.py', '--cfg-path', '/tmp/tmpd7rksi8f', '--error-file', '/tmp/tmpm2tkm31z']
[2022-11-25 09:27:30,745] {standard_task_runner.py:80} INFO - Job 44: Subtask start
[2022-11-25 09:27:30,973] {task_command.py:370} INFO - Running <TaskInstance: GFA_Data_Engineering_Exam_dag01_ETL_pipeline.start scheduled__2022-11-22T00:00:00+00:00 [running]> on host c78bb2381ec5
[2022-11-25 09:27:31,407] {taskinstance.py:1572} INFO - Exporting the following env vars:
AIRFLOW_CTX_DAG_OWNER=***
AIRFLOW_CTX_DAG_ID=GFA_Data_Engineering_Exam_dag01_ETL_pipeline
AIRFLOW_CTX_TASK_ID=start
AIRFLOW_CTX_EXECUTION_DATE=2022-11-22T00:00:00+00:00
AIRFLOW_CTX_TRY_NUMBER=1
AIRFLOW_CTX_DAG_RUN_ID=scheduled__2022-11-22T00:00:00+00:00
[2022-11-25 09:27:31,430] {python.py:173} INFO - Done. Returned value was: Start of the work-flow!
[2022-11-25 09:27:31,731] {taskinstance.py:1401} INFO - Marking task as SUCCESS. dag_id=GFA_Data_Engineering_Exam_dag01_ETL_pipeline, task_id=start, execution_date=20221122T000000, start_date=20221125T092730, end_date=20221125T092731
[2022-11-25 09:27:32,144] {local_task_job.py:156} INFO - Task exited with return code 0
[2022-11-25 09:27:32,475] {local_task_job.py:273} INFO - 1 downstream tasks scheduled from follow-on schedule check
